Feb 07 09:01:58 symfony [info] {sfContext} initialization
Feb 07 09:01:58 symfony [info] {sfController} initialization
Feb 07 09:01:58 symfony [info] {sfRouting} match route [default_index] "/:module"
Feb 07 09:01:58 symfony [info] {sfRequest} request parameters array (  'noheader' => 'true',  'module' => 'index',  'action' => 'index',)
Feb 07 09:01:58 symfony [info] {sfController} dispatch request
Feb 07 09:01:58 symfony [info] {sfFilter} executing filter "sfRenderingFilter"
Feb 07 09:01:58 symfony [info] {sfFilter} executing filter "sfCommonFilter"
Feb 07 09:01:58 symfony [info] {sfFilter} executing filter "sfFlashFilter"
Feb 07 09:01:58 symfony [info] {sfFilter} executing filter "sfExecutionFilter"
Feb 07 09:01:58 symfony [info] {sfAction} call "indexActions->executeIndex()"
Feb 07 09:01:58 symfony [debug] SELECT * FROM assessment where user_id='387'  *ROWS RETURNED* 1* 
Feb 07 09:01:58 symfony [info] {sfAction} change template to "index"
Feb 07 09:01:58 symfony [info] {sfView} initialize view for "index/index"
Feb 07 09:01:58 symfony [info] {sfView} render "/web/virtualfitnesscoach.com/apps/assessment/modules/index/templates/indexSuccess.php"
Feb 07 09:01:58 symfony [info] {sfView} decorate content with "/web/virtualfitnesscoach.com/apps/assessment/templates/layout.php"
Feb 07 09:01:58 symfony [info] {sfView} render "/web/virtualfitnesscoach.com/apps/assessment/templates/layout.php"
Feb 07 09:01:58 symfony [info] {sfFilter} render to client
Feb 07 09:01:58 symfony [info] {sfResponse} send status "HTTP/1.0 200 OK"
Feb 07 09:01:58 symfony [info] {sfResponse} send header "Content-Type": "text/html; charset=utf-8"
Feb 07 09:01:58 symfony [info] {sfResponse} send content (6696 o)
Feb 07 09:01:58 symfony [info] {sfTimerManager} Configuration 1.86 ms (10)
Feb 07 09:01:58 symfony [info] {sfTimerManager} Action "index/index" 4.22 ms (1)
Feb 07 09:01:58 symfony [info] {sfTimerManager} View "Success" for "index/index" 29.95 ms (1)
