Jan 23 13:23:46 symfony [info] {sfContext} initialization
Jan 23 13:23:46 symfony [info] {sfController} initialization
Jan 23 13:23:46 symfony [info] {sfRouting} match route [default_index] "/:module"
Jan 23 13:23:46 symfony [info] {sfRequest} request parameters array (  'noheader' => 'true',  'module' => 'index',  'action' => 'index',)
Jan 23 13:23:46 symfony [info] {sfController} dispatch request
Jan 23 13:23:46 symfony [info] {sfFilter} executing filter "sfRenderingFilter"
Jan 23 13:23:46 symfony [info] {sfFilter} executing filter "sfCommonFilter"
Jan 23 13:23:46 symfony [info] {sfFilter} executing filter "sfFlashFilter"
Jan 23 13:23:46 symfony [info] {sfFilter} executing filter "sfExecutionFilter"
Jan 23 13:23:46 symfony [info] {sfAction} call "indexActions->executeIndex()"
Jan 23 13:23:46 symfony [debug] SELECT * FROM assessment where user_id='184'  *ROWS RETURNED* 1* 
Jan 23 13:23:46 symfony [info] {sfAction} change template to "index"
Jan 23 13:23:46 symfony [info] {sfView} initialize view for "index/index"
Jan 23 13:23:46 symfony [info] {sfView} render "/web/virtualfitnesscoach.com/apps/assessment/modules/index/templates/indexSuccess.php"
Jan 23 13:23:46 symfony [info] {sfView} decorate content with "/web/virtualfitnesscoach.com/apps/assessment/templates/layout.php"
Jan 23 13:23:46 symfony [info] {sfView} render "/web/virtualfitnesscoach.com/apps/assessment/templates/layout.php"
Jan 23 13:23:46 symfony [info] {sfFilter} render to client
Jan 23 13:23:46 symfony [info] {sfResponse} send status "HTTP/1.0 200 OK"
Jan 23 13:23:46 symfony [info] {sfResponse} send header "Content-Type": "text/html; charset=utf-8"
Jan 23 13:23:46 symfony [info] {sfResponse} send content (6786 o)
Jan 23 13:23:46 symfony [info] {sfTimerManager} Configuration 2.04 ms (10)
Jan 23 13:23:46 symfony [info] {sfTimerManager} Action "index/index" 5.77 ms (1)
Jan 23 13:23:46 symfony [info] {sfTimerManager} View "Success" for "index/index" 35.33 ms (1)
