Dec 30 13:00:22 symfony [info] {sfContext} initialization
Dec 30 13:00:22 symfony [info] {sfController} initialization
Dec 30 13:00:22 symfony [info] {sfRouting} match route [default_index] "/:module"
Dec 30 13:00:22 symfony [info] {sfRequest} request parameters array (  'noheader' => 'true',  'module' => 'index',  'action' => 'index',)
Dec 30 13:00:22 symfony [info] {sfController} dispatch request
Dec 30 13:00:22 symfony [info] {sfFilter} executing filter "sfRenderingFilter"
Dec 30 13:00:22 symfony [info] {sfFilter} executing filter "sfCommonFilter"
Dec 30 13:00:22 symfony [info] {sfFilter} executing filter "sfFlashFilter"
Dec 30 13:00:22 symfony [info] {sfFilter} executing filter "sfExecutionFilter"
Dec 30 13:00:22 symfony [info] {sfAction} call "indexActions->executeIndex()"
Dec 30 13:00:22 symfony [debug] SELECT * FROM assessment where user_id='183'  *ROWS RETURNED* 1* 
Dec 30 13:00:22 symfony [info] {sfAction} change template to "index"
Dec 30 13:00:22 symfony [info] {sfView} initialize view for "index/index"
Dec 30 13:00:22 symfony [info] {sfView} render "/web/virtualfitnesscoach.com/apps/assessment/modules/index/templates/indexSuccess.php"
Dec 30 13:00:22 symfony [info] {sfView} decorate content with "/web/virtualfitnesscoach.com/apps/assessment/templates/layout.php"
Dec 30 13:00:22 symfony [info] {sfView} render "/web/virtualfitnesscoach.com/apps/assessment/templates/layout.php"
Dec 30 13:00:22 symfony [info] {sfFilter} render to client
Dec 30 13:00:22 symfony [info] {sfResponse} send status "HTTP/1.0 200 OK"
Dec 30 13:00:22 symfony [info] {sfResponse} send header "Content-Type": "text/html; charset=utf-8"
Dec 30 13:00:22 symfony [info] {sfResponse} send content (6816 o)
Dec 30 13:00:22 symfony [info] {sfTimerManager} Configuration 1.70 ms (10)
Dec 30 13:00:22 symfony [info] {sfTimerManager} Action "index/index" 3.96 ms (1)
Dec 30 13:00:22 symfony [info] {sfTimerManager} View "Success" for "index/index" 28.46 ms (1)
Dec 30 13:04:20 symfony [info] {sfContext} initialization
Dec 30 13:04:20 symfony [info] {sfController} initialization
Dec 30 13:04:20 symfony [info] {sfRouting} match route [default_index] "/:module"
Dec 30 13:04:20 symfony [info] {sfRequest} request parameters array (  'noheader' => 'true',  'module' => 'index',  'action' => 'index',)
Dec 30 13:04:20 symfony [info] {sfController} dispatch request
Dec 30 13:04:20 symfony [info] {sfFilter} executing filter "sfRenderingFilter"
Dec 30 13:04:20 symfony [info] {sfFilter} executing filter "sfCommonFilter"
Dec 30 13:04:20 symfony [info] {sfFilter} executing filter "sfFlashFilter"
Dec 30 13:04:20 symfony [info] {sfFilter} executing filter "sfExecutionFilter"
Dec 30 13:04:20 symfony [info] {sfAction} call "indexActions->executeIndex()"
Dec 30 13:04:20 symfony [debug] SELECT * FROM assessment where user_id='183'  *ROWS RETURNED* 1* 
Dec 30 13:04:20 symfony [info] {sfAction} change template to "index"
Dec 30 13:04:20 symfony [info] {sfView} initialize view for "index/index"
Dec 30 13:04:20 symfony [info] {sfView} render "/web/virtualfitnesscoach.com/apps/assessment/modules/index/templates/indexSuccess.php"
Dec 30 13:04:20 symfony [info] {sfView} decorate content with "/web/virtualfitnesscoach.com/apps/assessment/templates/layout.php"
Dec 30 13:04:20 symfony [info] {sfView} render "/web/virtualfitnesscoach.com/apps/assessment/templates/layout.php"
Dec 30 13:04:20 symfony [info] {sfFilter} render to client
Dec 30 13:04:20 symfony [info] {sfResponse} send status "HTTP/1.0 200 OK"
Dec 30 13:04:20 symfony [info] {sfResponse} send header "Content-Type": "text/html; charset=utf-8"
Dec 30 13:04:20 symfony [info] {sfResponse} send content (6816 o)
Dec 30 13:04:20 symfony [info] {sfTimerManager} Configuration 1.56 ms (10)
Dec 30 13:04:20 symfony [info] {sfTimerManager} Action "index/index" 3.64 ms (1)
Dec 30 13:04:20 symfony [info] {sfTimerManager} View "Success" for "index/index" 6.51 ms (1)
