Dec 28 14:06:47 symfony [info] {sfContext} initialization
Dec 28 14:06:47 symfony [info] {sfController} initialization
Dec 28 14:06:47 symfony [info] {sfRouting} match route [homepage] "/"
Dec 28 14:06:47 symfony [info] {sfRequest} request parameters array (  'module' => 'index',  'action' => 'index',)
Dec 28 14:06:47 symfony [info] {sfController} dispatch request
Dec 28 14:06:47 symfony [info] {sfFilter} executing filter "sfRenderingFilter"
Dec 28 14:06:47 symfony [info] {sfFilter} executing filter "sfCommonFilter"
Dec 28 14:06:47 symfony [info] {sfFilter} executing filter "sfFlashFilter"
Dec 28 14:06:47 symfony [info] {sfFilter} executing filter "sfExecutionFilter"
Dec 28 14:06:47 symfony [info] {sfAction} call "indexActions->executeIndex()"
Dec 28 14:06:47 symfony [debug] SELECT * FROM assessment where user_id='183'  *ROWS RETURNED* 1* 
Dec 28 14:06:47 symfony [info] {sfAction} change template to "index"
Dec 28 14:06:47 symfony [info] {sfView} initialize view for "index/index"
Dec 28 14:06:47 symfony [info] {sfView} render "/web/virtualfitnesscoach.com/apps/assessment/modules/index/templates/indexSuccess.php"
Dec 28 14:06:47 symfony [info] {sfView} decorate content with "/web/virtualfitnesscoach.com/apps/assessment/templates/layout.php"
Dec 28 14:06:47 symfony [info] {sfView} render "/web/virtualfitnesscoach.com/apps/assessment/templates/layout.php"
Dec 28 14:06:47 symfony [info] {sfFilter} render to client
Dec 28 14:06:47 symfony [info] {sfResponse} send status "HTTP/1.0 200 OK"
Dec 28 14:06:47 symfony [info] {sfResponse} send header "Content-Type": "text/html; charset=utf-8"
Dec 28 14:06:47 symfony [info] {sfResponse} send content (7165 o)
Dec 28 14:06:47 symfony [info] {sfTimerManager} Configuration 1.82 ms (10)
Dec 28 14:06:47 symfony [info] {sfTimerManager} Action "index/index" 4.02 ms (1)
Dec 28 14:06:47 symfony [info] {sfTimerManager} View "Success" for "index/index" 22.88 ms (1)
