Feb 03 02:32:09 symfony [info] {sfContext} initialization
Feb 03 02:32:09 symfony [info] {sfController} initialization
Feb 03 02:32:09 symfony [info] {sfRouting} match route [homepage] "/"
Feb 03 02:32:09 symfony [info] {sfRequest} request parameters array (  'module' => 'default',  'action' => 'index',)
Feb 03 02:32:09 symfony [info] {sfController} dispatch request
Feb 03 02:32:09 symfony [info] {sfFilter} executing filter "sfRenderingFilter"
Feb 03 02:32:09 symfony [info] {sfFilter} executing filter "sfCommonFilter"
Feb 03 02:32:09 symfony [info] {sfFilter} executing filter "sfFlashFilter"
Feb 03 02:32:09 symfony [info] {sfFilter} executing filter "sfExecutionFilter"
Feb 03 02:32:09 symfony [info] {sfAction} call "defaultActions->executeIndex()"
Feb 03 02:32:09 symfony [info] {sfView} initialize view for "default/index"
Feb 03 02:32:09 symfony [info] {sfView} render "/web/virtualfitnesscoach.com/apps/main/modules/default/templates/indexSuccess.php"
Feb 03 02:32:09 symfony [info] {sfView} decorate content with "/web/virtualfitnesscoach.com/apps/main/templates/layout.php"
Feb 03 02:32:09 symfony [info] {sfView} render "/web/virtualfitnesscoach.com/apps/main/templates/layout.php"
Feb 03 02:32:09 symfony [info] {sfFilter} render to client
Feb 03 02:32:09 symfony [info] {sfResponse} send status "HTTP/1.0 200 OK"
Feb 03 02:32:09 symfony [info] {sfResponse} send header "Content-Type": "text/html; charset=utf-8"
Feb 03 02:32:09 symfony [info] {sfResponse} send content (3607 o)
Feb 03 07:22:05 symfony [info] {sfContext} initialization
Feb 03 07:22:05 symfony [info] {sfController} initialization
Feb 03 07:22:05 symfony [info] {sfRouting} match route [homepage] "/"
Feb 03 07:22:05 symfony [info] {sfRequest} request parameters array (  'module' => 'default',  'action' => 'index',)
Feb 03 07:22:05 symfony [info] {sfController} dispatch request
Feb 03 07:22:05 symfony [info] {sfFilter} executing filter "sfRenderingFilter"
Feb 03 07:22:05 symfony [info] {sfFilter} executing filter "sfCommonFilter"
Feb 03 07:22:05 symfony [info] {sfFilter} executing filter "sfFlashFilter"
Feb 03 07:22:05 symfony [info] {sfFilter} executing filter "sfExecutionFilter"
Feb 03 07:22:05 symfony [info] {sfAction} call "defaultActions->executeIndex()"
Feb 03 07:22:05 symfony [info] {sfView} initialize view for "default/index"
Feb 03 07:22:05 symfony [info] {sfView} render "/web/virtualfitnesscoach.com/apps/main/modules/default/templates/indexSuccess.php"
Feb 03 07:22:05 symfony [info] {sfView} decorate content with "/web/virtualfitnesscoach.com/apps/main/templates/layout.php"
Feb 03 07:22:05 symfony [info] {sfView} render "/web/virtualfitnesscoach.com/apps/main/templates/layout.php"
Feb 03 07:22:05 symfony [info] {sfFilter} render to client
Feb 03 07:22:05 symfony [info] {sfResponse} send status "HTTP/1.0 200 OK"
Feb 03 07:22:05 symfony [info] {sfResponse} send header "Content-Type": "text/html; charset=utf-8"
Feb 03 07:22:05 symfony [info] {sfResponse} send content (3607 o)
Feb 03 23:27:53 symfony [info] {sfContext} initialization
Feb 03 23:27:53 symfony [info] {sfController} initialization
Feb 03 23:27:53 symfony [info] {sfRouting} match route [default] "/:module/:action/*"
Feb 03 23:27:53 symfony [info] {sfRequest} request parameters array (  'module' => 'default',  'action' => 'forgotpassword',)
Feb 03 23:27:53 symfony [info] {sfController} dispatch request
Feb 03 23:27:53 symfony [info] {sfFilter} executing filter "sfRenderingFilter"
Feb 03 23:27:53 symfony [info] {sfFilter} executing filter "sfCommonFilter"
Feb 03 23:27:53 symfony [info] {sfFilter} executing filter "sfFlashFilter"
Feb 03 23:27:53 symfony [info] {sfFilter} executing filter "sfExecutionFilter"
Feb 03 23:27:53 symfony [info] {sfAction} call "defaultActions->executeForgotpassword()"
Feb 03 23:27:53 symfony [info] {sfView} initialize view for "default/forgotpassword"
Feb 03 23:27:53 symfony [info] {sfView} render "/web/virtualfitnesscoach.com/apps/main/modules/default/templates/forgotpasswordSuccess.php"
Feb 03 23:27:53 symfony [info] {sfView} decorate content with "/web/virtualfitnesscoach.com/apps/main/templates/layout.php"
Feb 03 23:27:53 symfony [info] {sfView} render "/web/virtualfitnesscoach.com/apps/main/templates/layout.php"
Feb 03 23:27:53 symfony [info] {sfFilter} render to client
Feb 03 23:27:53 symfony [info] {sfResponse} send status "HTTP/1.0 200 OK"
Feb 03 23:27:53 symfony [info] {sfResponse} send header "Content-Type": "text/html; charset=utf-8"
Feb 03 23:27:53 symfony [info] {sfResponse} send content (3478 o)
Feb 04 08:52:05 symfony [info] {sfContext} initialization
Feb 04 08:52:05 symfony [info] {sfController} initialization
Feb 04 08:52:05 symfony [info] {sfRouting} match route [homepage] "/"
Feb 04 08:52:05 symfony [info] {sfRequest} request parameters array (  'module' => 'default',  'action' => 'index',)
Feb 04 08:52:05 symfony [info] {sfController} dispatch request
Feb 04 08:52:05 symfony [info] {sfFilter} executing filter "sfRenderingFilter"
Feb 04 08:52:05 symfony [info] {sfFilter} executing filter "sfCommonFilter"
Feb 04 08:52:05 symfony [info] {sfFilter} executing filter "sfFlashFilter"
Feb 04 08:52:05 symfony [info] {sfFilter} executing filter "sfExecutionFilter"
Feb 04 08:52:05 symfony [info] {sfAction} call "defaultActions->executeIndex()"
Feb 04 08:52:05 symfony [info] {sfView} initialize view for "default/index"
Feb 04 08:52:05 symfony [info] {sfView} render "/web/virtualfitnesscoach.com/apps/main/modules/default/templates/indexSuccess.php"
Feb 04 08:52:05 symfony [info] {sfView} decorate content with "/web/virtualfitnesscoach.com/apps/main/templates/layout.php"
Feb 04 08:52:05 symfony [info] {sfView} render "/web/virtualfitnesscoach.com/apps/main/templates/layout.php"
Feb 04 08:52:05 symfony [info] {sfFilter} render to client
Feb 04 08:52:05 symfony [info] {sfResponse} send status "HTTP/1.0 200 OK"
Feb 04 08:52:05 symfony [info] {sfResponse} send header "Content-Type": "text/html; charset=utf-8"
Feb 04 08:52:05 symfony [info] {sfResponse} send content (3607 o)
Feb 06 01:52:40 symfony [info] {sfContext} initialization
Feb 06 01:52:41 symfony [info] {sfController} initialization
Feb 06 01:52:41 symfony [info] {sfRouting} match route [homepage] "/"
Feb 06 01:52:41 symfony [info] {sfRequest} request parameters array (  'module' => 'default',  'action' => 'index',)
Feb 06 01:52:41 symfony [info] {sfController} dispatch request
Feb 06 01:52:41 symfony [info] {sfFilter} executing filter "sfRenderingFilter"
Feb 06 01:52:41 symfony [info] {sfFilter} executing filter "sfCommonFilter"
Feb 06 01:52:41 symfony [info] {sfFilter} executing filter "sfFlashFilter"
Feb 06 01:52:41 symfony [info] {sfFilter} executing filter "sfExecutionFilter"
Feb 06 01:52:41 symfony [info] {sfAction} call "defaultActions->executeIndex()"
Feb 06 01:52:41 symfony [info] {sfView} initialize view for "default/index"
Feb 06 01:52:41 symfony [info] {sfView} render "/web/virtualfitnesscoach.com/apps/main/modules/default/templates/indexSuccess.php"
Feb 06 01:52:41 symfony [info] {sfView} decorate content with "/web/virtualfitnesscoach.com/apps/main/templates/layout.php"
Feb 06 01:52:41 symfony [info] {sfView} render "/web/virtualfitnesscoach.com/apps/main/templates/layout.php"
Feb 06 01:52:41 symfony [info] {sfFilter} render to client
Feb 06 01:52:41 symfony [info] {sfResponse} send status "HTTP/1.0 200 OK"
Feb 06 01:52:41 symfony [info] {sfResponse} send header "Content-Type": "text/html; charset=utf-8"
Feb 06 01:52:41 symfony [info] {sfResponse} send content (3607 o)
Feb 06 03:15:36 symfony [info] {sfContext} initialization
Feb 06 03:15:36 symfony [info] {sfController} initialization
Feb 06 03:15:36 symfony [info] {sfRouting} match route [homepage] "/"
Feb 06 03:15:36 symfony [info] {sfRequest} request parameters array (  'module' => 'default',  'action' => 'index',)
Feb 06 03:15:36 symfony [info] {sfController} dispatch request
Feb 06 03:15:36 symfony [info] {sfFilter} executing filter "sfRenderingFilter"
Feb 06 03:15:36 symfony [info] {sfFilter} executing filter "sfCommonFilter"
Feb 06 03:15:36 symfony [info] {sfFilter} executing filter "sfFlashFilter"
Feb 06 03:15:36 symfony [info] {sfFilter} executing filter "sfExecutionFilter"
Feb 06 03:15:36 symfony [info] {sfAction} call "defaultActions->executeIndex()"
Feb 06 03:15:36 symfony [info] {sfView} initialize view for "default/index"
Feb 06 03:15:36 symfony [info] {sfView} render "/web/virtualfitnesscoach.com/apps/main/modules/default/templates/indexSuccess.php"
Feb 06 03:15:36 symfony [info] {sfView} decorate content with "/web/virtualfitnesscoach.com/apps/main/templates/layout.php"
Feb 06 03:15:36 symfony [info] {sfView} render "/web/virtualfitnesscoach.com/apps/main/templates/layout.php"
Feb 06 03:15:36 symfony [info] {sfFilter} render to client
Feb 06 03:15:36 symfony [info] {sfResponse} send status "HTTP/1.0 200 OK"
Feb 06 03:15:36 symfony [info] {sfResponse} send header "Content-Type": "text/html; charset=utf-8"
Feb 06 03:15:36 symfony [info] {sfResponse} send content (3607 o)
Feb 06 17:14:18 symfony [info] {sfContext} initialization
Feb 06 17:14:18 symfony [info] {sfController} initialization
Feb 06 17:14:18 symfony [info] {sfRouting} match route [default] "/:module/:action/*"
Feb 06 17:14:18 symfony [info] {sfRequest} request parameters array (  'module' => 'default',  'action' => 'forgotpassword',)
Feb 06 17:14:18 symfony [info] {sfController} dispatch request
Feb 06 17:14:18 symfony [info] {sfFilter} executing filter "sfRenderingFilter"
Feb 06 17:14:18 symfony [info] {sfFilter} executing filter "sfCommonFilter"
Feb 06 17:14:18 symfony [info] {sfFilter} executing filter "sfFlashFilter"
Feb 06 17:14:18 symfony [info] {sfFilter} executing filter "sfExecutionFilter"
Feb 06 17:14:18 symfony [info] {sfAction} call "defaultActions->executeForgotpassword()"
Feb 06 17:14:18 symfony [info] {sfView} initialize view for "default/forgotpassword"
Feb 06 17:14:18 symfony [info] {sfView} render "/web/virtualfitnesscoach.com/apps/main/modules/default/templates/forgotpasswordSuccess.php"
Feb 06 17:14:18 symfony [info] {sfView} decorate content with "/web/virtualfitnesscoach.com/apps/main/templates/layout.php"
Feb 06 17:14:18 symfony [info] {sfView} render "/web/virtualfitnesscoach.com/apps/main/templates/layout.php"
Feb 06 17:14:18 symfony [info] {sfFilter} render to client
Feb 06 17:14:18 symfony [info] {sfResponse} send status "HTTP/1.0 200 OK"
Feb 06 17:14:18 symfony [info] {sfResponse} send header "Content-Type": "text/html; charset=utf-8"
Feb 06 17:14:18 symfony [info] {sfResponse} send content (3478 o)
Feb 06 22:19:20 symfony [info] {sfContext} initialization
Feb 06 22:19:20 symfony [info] {sfController} initialization
Feb 06 22:19:20 symfony [info] {sfRouting} match route [homepage] "/"
Feb 06 22:19:20 symfony [info] {sfRequest} request parameters array (  'module' => 'default',  'action' => 'index',)
Feb 06 22:19:20 symfony [info] {sfController} dispatch request
Feb 06 22:19:20 symfony [info] {sfFilter} executing filter "sfRenderingFilter"
Feb 06 22:19:20 symfony [info] {sfFilter} executing filter "sfCommonFilter"
Feb 06 22:19:20 symfony [info] {sfFilter} executing filter "sfFlashFilter"
Feb 06 22:19:20 symfony [info] {sfFilter} executing filter "sfExecutionFilter"
Feb 06 22:19:20 symfony [info] {sfAction} call "defaultActions->executeIndex()"
Feb 06 22:19:20 symfony [info] {sfView} initialize view for "default/index"
Feb 06 22:19:20 symfony [info] {sfView} render "/web/virtualfitnesscoach.com/apps/main/modules/default/templates/indexSuccess.php"
Feb 06 22:19:20 symfony [info] {sfView} decorate content with "/web/virtualfitnesscoach.com/apps/main/templates/layout.php"
Feb 06 22:19:20 symfony [info] {sfView} render "/web/virtualfitnesscoach.com/apps/main/templates/layout.php"
Feb 06 22:19:20 symfony [info] {sfFilter} render to client
Feb 06 22:19:20 symfony [info] {sfResponse} send status "HTTP/1.0 200 OK"
Feb 06 22:19:20 symfony [info] {sfResponse} send header "Content-Type": "text/html; charset=utf-8"
Feb 06 22:19:20 symfony [info] {sfResponse} send content (3607 o)
Feb 07 08:59:10 symfony [info] {sfContext} initialization
Feb 07 08:59:10 symfony [info] {sfController} initialization
Feb 07 08:59:10 symfony [info] {sfRouting} match route [homepage] "/"
Feb 07 08:59:10 symfony [info] {sfRequest} request parameters array (  'module' => 'default',  'action' => 'index',  'username' => 'szyacoub@gmail.com',  'password' => 'sherifrocks',)
Feb 07 08:59:10 symfony [info] {sfController} dispatch request
Feb 07 08:59:10 symfony [info] {sfFilter} executing filter "sfRenderingFilter"
Feb 07 08:59:10 symfony [info] {sfFilter} executing filter "sfCommonFilter"
Feb 07 08:59:10 symfony [info] {sfFilter} executing filter "sfFlashFilter"
Feb 07 08:59:10 symfony [info] {sfFilter} executing filter "sfExecutionFilter"
Feb 07 08:59:10 symfony [info] {sfAction} call "defaultActions->executeIndex()"
Feb 07 08:59:10 symfony [debug] SELECT * FROM `fitness_users` where email='szyacoub@gmail.com'  *ROWS RETURNED* 1* 
Feb 07 08:59:10 symfony [debug] PASSED.... TRUE/FALSE 1 == TRUE BOOLEAN 1
Feb 07 08:59:10 symfony [debug] select * from fitness_users where user_id='387'  *ROWS RETURNED* 1* 
Feb 07 08:59:10 symfony [info] ******* Time zone set to America/New_York .. Hour is 08  Time echo is 08:59
Feb 07 08:59:10 symfony [debug] update fitness_users set lastlogin='2014-02-07 08:59:10', totallogins='2' where user_id='387'  
Feb 07 08:59:10 symfony [debug] update fitness_users set totallogins='1' where user_id='387'  
Feb 07 08:59:10 symfony [debug] SELECT *, UNIX_TIMESTAMP(occured) as lastupdate, UNIX_TIMESTAMP(now()) as now FROM reporting where data='login' and user_id='387' and occured like '2014-02-07%'  *ROWS RETURNED* 0* 
Feb 07 08:59:10 symfony [debug] INSERT INTO `reporting` set data='login', user_id='387', occured=now(), totaltime='10'  
Feb 07 08:59:10 symfony [info] {sfAction} forward to action "index/index"
Feb 07 08:59:10 symfony [info] {sfFilter} executing filter "sfRenderingFilter"
Feb 07 08:59:10 symfony [info] {sfFilter} executing filter "sfCommonFilter"
Feb 07 08:59:10 symfony [info] {sfFilter} executing filter "sfFlashFilter"
Feb 07 08:59:10 symfony [info] {sfFilter} executing filter "sfExecutionFilter"
Feb 07 08:59:10 symfony [info] {sfAction} call "indexActions->executeIndex()"
Feb 07 08:59:10 symfony [info] USERID:387 Viewdateworkout:2014-02-07
Feb 07 08:59:10 symfony [debug] SELECT * FROM fitness_exercise_day where user_id='387' and workoutdate = '2014-02-07'  *ROWS RETURNED* 1* 
Feb 07 08:59:10 symfony [debug] SELECT * FROM fitness_users where user_id='387'  *ROWS RETURNED* 1* 
Feb 07 08:59:10 symfony [info] rest_day_ohio.swf WORKOUTTYPE VAR
Feb 07 08:59:10 symfony [info] TYPE NOT REQUESTED SHOW DEFAULT Getexeriseday returned type 3
Feb 07 08:59:10 symfony [debug] SELECT * FROM fitness_exercise_day where user_id='387' and workoutdate > curdate() order by workoutdate limit 2   *ROWS RETURNED* 2* 
Feb 07 08:59:10 symfony [debug] SELECT * FROM assessment where user_id='387'  *ROWS RETURNED* 1* 
Feb 07 08:59:10 symfony [debug] SELECT *, UNIX_TIMESTAMP(occured) as lastupdate, UNIX_TIMESTAMP(now()) as now FROM reporting where data='loadrest' and user_id='387' and occured like '2014-02-07%'  *ROWS RETURNED* 0* 
Feb 07 08:59:10 symfony [debug] INSERT INTO `reporting` set data='loadrest', user_id='387', occured=now(), totaltime='10'  
Feb 07 08:59:10 symfony [info] {sfView} initialize view for "index/index"
Feb 07 08:59:10 symfony [info] {sfView} render "/web/virtualfitnesscoach.com/apps/main/modules/index/templates/indexSuccess.php"
Feb 07 08:59:10 symfony [info] {sfView} decorate content with "/web/virtualfitnesscoach.com/apps/main/templates/layout.php"
Feb 07 08:59:10 symfony [info] {sfView} render "/web/virtualfitnesscoach.com/apps/main/templates/layout.php"
Feb 07 08:59:10 symfony [info] {sfFilter} render to client
Feb 07 08:59:10 symfony [info] {sfResponse} send status "HTTP/1.0 200 OK"
Feb 07 08:59:10 symfony [info] {sfResponse} send header "Content-Type": "text/html; charset=utf-8"
Feb 07 08:59:10 symfony [info] {sfResponse} send content (8214 o)
Feb 07 08:59:11 symfony [info] {sfContext} initialization
Feb 07 08:59:11 symfony [info] {sfController} initialization
Feb 07 08:59:11 symfony [info] {sfRouting} match route [default] "/:module/:action/*"
Feb 07 08:59:11 symfony [info] {sfRequest} request parameters array (  '_' => '1391781551463',  'user_id' => '387',  'module' => 'index',  'action' => 'commentsLoadLog',)
Feb 07 08:59:11 symfony [info] {sfController} dispatch request
Feb 07 08:59:11 symfony [info] {sfFilter} executing filter "sfRenderingFilter"
Feb 07 08:59:11 symfony [info] {sfFilter} executing filter "sfCommonFilter"
Feb 07 08:59:11 symfony [info] {sfFilter} executing filter "sfFlashFilter"
Feb 07 08:59:11 symfony [info] {sfFilter} executing filter "sfExecutionFilter"
Feb 07 08:59:11 symfony [info] {sfAction} call "indexActions->executeCommentsLoadLog()"
Feb 07 08:59:11 symfony [debug] 
				SELECT c.id, c.user_id, u.user_firstname, u.user_lastname, c.comment, c.commentdate
				FROM fitnessuser_comments c join fitness_users u on u.user_id = c.user_id
				where c.activeflag=1 and u.user_id='387'
				union
				SELECT c.id, c.user_id, u.user_firstname, u.user_lastname, c.comment, c.commentdate
				FROM fitnessuser_comments c join fitness_users u on u.user_id = c.sendto
				where c.activeflag=1 and c.sendto='387'
				order by 1 asc  *ROWS RETURNED* 0* 
Feb 07 08:59:11 symfony [info] {sfFilter} render to client
Feb 07 08:59:11 symfony [info] {sfResponse} send status "HTTP/1.0 200 OK"
Feb 07 08:59:11 symfony [info] {sfResponse} send content (0 o)
Feb 07 08:59:16 symfony [info] {sfContext} initialization
Feb 07 08:59:16 symfony [info] {sfController} initialization
Feb 07 08:59:16 symfony [info] {sfRouting} match route [default] "/:module/:action/*"
Feb 07 08:59:16 symfony [info] {sfRequest} request parameters array (  '_' => '1391781556463',  'user_id' => '387',  'module' => 'index',  'action' => 'commentsLoadLog',)
Feb 07 08:59:16 symfony [info] {sfController} dispatch request
Feb 07 08:59:16 symfony [info] {sfFilter} executing filter "sfRenderingFilter"
Feb 07 08:59:16 symfony [info] {sfFilter} executing filter "sfCommonFilter"
Feb 07 08:59:16 symfony [info] {sfFilter} executing filter "sfFlashFilter"
Feb 07 08:59:16 symfony [info] {sfFilter} executing filter "sfExecutionFilter"
Feb 07 08:59:16 symfony [info] {sfAction} call "indexActions->executeCommentsLoadLog()"
Feb 07 08:59:16 symfony [debug] 
				SELECT c.id, c.user_id, u.user_firstname, u.user_lastname, c.comment, c.commentdate
				FROM fitnessuser_comments c join fitness_users u on u.user_id = c.user_id
				where c.activeflag=1 and u.user_id='387'
				union
				SELECT c.id, c.user_id, u.user_firstname, u.user_lastname, c.comment, c.commentdate
				FROM fitnessuser_comments c join fitness_users u on u.user_id = c.sendto
				where c.activeflag=1 and c.sendto='387'
				order by 1 asc  *ROWS RETURNED* 0* 
Feb 07 08:59:16 symfony [info] {sfFilter} render to client
Feb 07 08:59:16 symfony [info] {sfResponse} send status "HTTP/1.0 200 OK"
Feb 07 08:59:16 symfony [info] {sfResponse} send content (0 o)
Feb 07 08:59:21 symfony [info] {sfContext} initialization
Feb 07 08:59:21 symfony [info] {sfController} initialization
Feb 07 08:59:21 symfony [info] {sfRouting} match route [default] "/:module/:action/*"
Feb 07 08:59:21 symfony [info] {sfRequest} request parameters array (  '_' => '1391781561478',  'user_id' => '387',  'module' => 'index',  'action' => 'commentsLoadLog',)
Feb 07 08:59:21 symfony [info] {sfController} dispatch request
Feb 07 08:59:21 symfony [info] {sfFilter} executing filter "sfRenderingFilter"
Feb 07 08:59:21 symfony [info] {sfFilter} executing filter "sfCommonFilter"
Feb 07 08:59:21 symfony [info] {sfFilter} executing filter "sfFlashFilter"
Feb 07 08:59:21 symfony [info] {sfFilter} executing filter "sfExecutionFilter"
Feb 07 08:59:21 symfony [info] {sfAction} call "indexActions->executeCommentsLoadLog()"
Feb 07 08:59:21 symfony [debug] 
				SELECT c.id, c.user_id, u.user_firstname, u.user_lastname, c.comment, c.commentdate
				FROM fitnessuser_comments c join fitness_users u on u.user_id = c.user_id
				where c.activeflag=1 and u.user_id='387'
				union
				SELECT c.id, c.user_id, u.user_firstname, u.user_lastname, c.comment, c.commentdate
				FROM fitnessuser_comments c join fitness_users u on u.user_id = c.sendto
				where c.activeflag=1 and c.sendto='387'
				order by 1 asc  *ROWS RETURNED* 0* 
Feb 07 08:59:21 symfony [info] {sfFilter} render to client
Feb 07 08:59:21 symfony [info] {sfResponse} send status "HTTP/1.0 200 OK"
Feb 07 08:59:21 symfony [info] {sfResponse} send content (0 o)
Feb 07 08:59:26 symfony [info] {sfContext} initialization
Feb 07 08:59:26 symfony [info] {sfController} initialization
Feb 07 08:59:26 symfony [info] {sfRouting} match route [default] "/:module/:action/*"
Feb 07 08:59:26 symfony [info] {sfRequest} request parameters array (  '_' => '1391781566478',  'user_id' => '387',  'module' => 'index',  'action' => 'commentsLoadLog',)
Feb 07 08:59:26 symfony [info] {sfController} dispatch request
Feb 07 08:59:26 symfony [info] {sfFilter} executing filter "sfRenderingFilter"
Feb 07 08:59:26 symfony [info] {sfFilter} executing filter "sfCommonFilter"
Feb 07 08:59:26 symfony [info] {sfFilter} executing filter "sfFlashFilter"
Feb 07 08:59:26 symfony [info] {sfFilter} executing filter "sfExecutionFilter"
Feb 07 08:59:26 symfony [info] {sfAction} call "indexActions->executeCommentsLoadLog()"
Feb 07 08:59:26 symfony [debug] 
				SELECT c.id, c.user_id, u.user_firstname, u.user_lastname, c.comment, c.commentdate
				FROM fitnessuser_comments c join fitness_users u on u.user_id = c.user_id
				where c.activeflag=1 and u.user_id='387'
				union
				SELECT c.id, c.user_id, u.user_firstname, u.user_lastname, c.comment, c.commentdate
				FROM fitnessuser_comments c join fitness_users u on u.user_id = c.sendto
				where c.activeflag=1 and c.sendto='387'
				order by 1 asc  *ROWS RETURNED* 0* 
Feb 07 08:59:26 symfony [info] {sfFilter} render to client
Feb 07 08:59:26 symfony [info] {sfResponse} send status "HTTP/1.0 200 OK"
Feb 07 08:59:26 symfony [info] {sfResponse} send content (0 o)
Feb 07 08:59:31 symfony [info] {sfContext} initialization
Feb 07 08:59:31 symfony [info] {sfController} initialization
Feb 07 08:59:31 symfony [info] {sfRouting} match route [default] "/:module/:action/*"
Feb 07 08:59:31 symfony [info] {sfRequest} request parameters array (  '_' => '1391781571478',  'user_id' => '387',  'module' => 'index',  'action' => 'commentsLoadLog',)
Feb 07 08:59:31 symfony [info] {sfController} dispatch request
Feb 07 08:59:31 symfony [info] {sfFilter} executing filter "sfRenderingFilter"
Feb 07 08:59:31 symfony [info] {sfFilter} executing filter "sfCommonFilter"
Feb 07 08:59:31 symfony [info] {sfFilter} executing filter "sfFlashFilter"
Feb 07 08:59:31 symfony [info] {sfFilter} executing filter "sfExecutionFilter"
Feb 07 08:59:31 symfony [info] {sfAction} call "indexActions->executeCommentsLoadLog()"
Feb 07 08:59:31 symfony [debug] 
				SELECT c.id, c.user_id, u.user_firstname, u.user_lastname, c.comment, c.commentdate
				FROM fitnessuser_comments c join fitness_users u on u.user_id = c.user_id
				where c.activeflag=1 and u.user_id='387'
				union
				SELECT c.id, c.user_id, u.user_firstname, u.user_lastname, c.comment, c.commentdate
				FROM fitnessuser_comments c join fitness_users u on u.user_id = c.sendto
				where c.activeflag=1 and c.sendto='387'
				order by 1 asc  *ROWS RETURNED* 0* 
Feb 07 08:59:31 symfony [info] {sfFilter} render to client
Feb 07 08:59:31 symfony [info] {sfResponse} send status "HTTP/1.0 200 OK"
Feb 07 08:59:31 symfony [info] {sfResponse} send content (0 o)
Feb 07 08:59:32 symfony [info] {sfContext} initialization
Feb 07 08:59:32 symfony [info] {sfController} initialization
Feb 07 08:59:32 symfony [info] {sfRouting} match route [homepage] "/"
Feb 07 08:59:32 symfony [info] {sfRequest} request parameters array (  'type' => '4',  'module' => 'default',  'action' => 'index',)
Feb 07 08:59:32 symfony [info] {sfController} dispatch request
Feb 07 08:59:32 symfony [info] {sfFilter} executing filter "sfRenderingFilter"
Feb 07 08:59:32 symfony [info] {sfFilter} executing filter "sfCommonFilter"
Feb 07 08:59:32 symfony [info] {sfFilter} executing filter "sfFlashFilter"
Feb 07 08:59:32 symfony [info] {sfFilter} executing filter "sfExecutionFilter"
Feb 07 08:59:32 symfony [info] {sfAction} call "defaultActions->executeIndex()"
Feb 07 08:59:32 symfony [debug] SELECT * FROM `fitness_users` where user_id='387'  *ROWS RETURNED* 1* 
Feb 07 08:59:32 symfony [debug] PASSED.... TRUE/FALSE 1 == TRUE BOOLEAN 1
Feb 07 08:59:32 symfony [info] {sfAction} forward to action "index/index"
Feb 07 08:59:32 symfony [info] {sfFilter} executing filter "sfRenderingFilter"
Feb 07 08:59:32 symfony [info] {sfFilter} executing filter "sfCommonFilter"
Feb 07 08:59:32 symfony [info] {sfFilter} executing filter "sfFlashFilter"
Feb 07 08:59:32 symfony [info] {sfFilter} executing filter "sfExecutionFilter"
Feb 07 08:59:32 symfony [info] {sfAction} call "indexActions->executeIndex()"
Feb 07 08:59:32 symfony [info] USERID:387 Viewdateworkout:2014-02-07
Feb 07 08:59:32 symfony [debug] SELECT * FROM fitness_exercise_day where user_id='387' and workoutdate = '2014-02-07'  *ROWS RETURNED* 1* 
Feb 07 08:59:32 symfony [debug] SELECT * FROM fitness_users where user_id='387'  *ROWS RETURNED* 1* 
Feb 07 08:59:32 symfony [info]  WORKOUTTYPE VAR
Feb 07 08:59:32 symfony [info] TYPE 4 REQUESTED 
Feb 07 08:59:32 symfony [debug] SELECT * FROM fitness_exercise_day where user_id='387' and workoutdate > curdate() order by workoutdate limit 2   *ROWS RETURNED* 2* 
Feb 07 08:59:32 symfony [debug] SELECT * FROM assessment where user_id='387'  *ROWS RETURNED* 1* 
Feb 07 08:59:32 symfony [debug] SELECT *, UNIX_TIMESTAMP(occured) as lastupdate, UNIX_TIMESTAMP(now()) as now FROM reporting where data='loadnutrition' and user_id='387' and occured like '2014-02-07%'  *ROWS RETURNED* 0* 
Feb 07 08:59:32 symfony [debug] INSERT INTO `reporting` set data='loadnutrition', user_id='387', occured=now(), totaltime='10'  
Feb 07 08:59:32 symfony [info] {sfView} initialize view for "index/index"
Feb 07 08:59:32 symfony [info] {sfView} render "/web/virtualfitnesscoach.com/apps/main/modules/index/templates/indexSuccess.php"
Feb 07 08:59:32 symfony [info] {sfView} initialize view for "index/_nutrition"
Feb 07 08:59:32 symfony [info] {sfView} render "/web/virtualfitnesscoach.com/apps/main/modules/index/templates/_nutrition.php"
Feb 07 08:59:32 symfony [info] {sfView} decorate content with "/web/virtualfitnesscoach.com/apps/main/templates/layout.php"
Feb 07 08:59:32 symfony [info] {sfView} render "/web/virtualfitnesscoach.com/apps/main/templates/layout.php"
Feb 07 08:59:32 symfony [info] {sfFilter} render to client
Feb 07 08:59:32 symfony [info] {sfResponse} send status "HTTP/1.0 200 OK"
Feb 07 08:59:32 symfony [info] {sfResponse} send header "Content-Type": "text/html; charset=utf-8"
Feb 07 08:59:32 symfony [info] {sfResponse} send content (7488 o)
Feb 07 08:59:33 symfony [info] {sfContext} initialization
Feb 07 08:59:33 symfony [info] {sfController} initialization
Feb 07 08:59:33 symfony [info] {sfRouting} match route [default] "/:module/:action/*"
Feb 07 08:59:33 symfony [info] {sfRequest} request parameters array (  'module' => 'flexnutrition',  'action' => 'loadcalories',)
Feb 07 08:59:33 symfony [info] {sfController} dispatch request
Feb 07 08:59:33 symfony [info] {sfContext} initialization
Feb 07 08:59:33 symfony [info] {sfController} initialization
Feb 07 08:59:33 symfony [info] {sfRouting} match route [default] "/:module/:action/*"
Feb 07 08:59:33 symfony [info] {sfRequest} request parameters array (  'module' => 'flexnutrition',  'action' => 'nutritioncal',)
Feb 07 08:59:33 symfony [info] {sfFilter} executing filter "sfRenderingFilter"
Feb 07 08:59:33 symfony [info] {sfFilter} executing filter "sfCommonFilter"
Feb 07 08:59:33 symfony [info] {sfFilter} executing filter "sfFlashFilter"
Feb 07 08:59:33 symfony [info] {sfFilter} executing filter "sfExecutionFilter"
Feb 07 08:59:34 symfony [info] {sfAction} call "flexnutritionActions->executeLoadcalories()"
Feb 07 08:59:34 symfony [debug] SELECT * FROM fitness_exercise_day where user_id='387' and workoutdate = '2014-02-07'  *ROWS RETURNED* 1* 
Feb 07 08:59:34 symfony [debug] SELECT * FROM usersdailycalories where user_id='387' and workouttype='3'  *ROWS RETURNED* 1* 
Feb 07 08:59:34 symfony [debug] SELECT * FROM nutritioncal_workouttype where dailycaltype='1800' and type='3'  *ROWS RETURNED* 1* 
Feb 07 08:59:34 symfony [info] {sfAction} change layout to ""
Feb 07 08:59:34 symfony [info] {sfView} initialize view for "flexnutrition/loadcalories"
Feb 07 08:59:34 symfony [info] {sfView} render "/web/virtualfitnesscoach.com/apps/main/modules/flexnutrition/templates/loadcaloriesSuccess.php"
Feb 07 08:59:34 symfony [info] {sfFilter} render to client
Feb 07 08:59:34 symfony [info] {sfResponse} send status "HTTP/1.0 200 OK"
Feb 07 08:59:34 symfony [info] {sfResponse} send header "Content-Type": "text/xml; charset=utf-8"
Feb 07 08:59:34 symfony [info] {sfResponse} send content (236 o)
Feb 07 08:59:34 symfony [info] {sfController} dispatch request
Feb 07 08:59:34 symfony [info] {sfFilter} executing filter "sfRenderingFilter"
Feb 07 08:59:34 symfony [info] {sfFilter} executing filter "sfCommonFilter"
Feb 07 08:59:34 symfony [info] {sfFilter} executing filter "sfFlashFilter"
Feb 07 08:59:34 symfony [info] {sfFilter} executing filter "sfExecutionFilter"
Feb 07 08:59:34 symfony [info] {sfAction} call "flexnutritionActions->executeNutritioncal()"
Feb 07 08:59:34 symfony [debug] SELECT * FROM fitness_exercise_day where user_id='387' and workoutdate = '2014-02-07'  *ROWS RETURNED* 1* 
Feb 07 08:59:34 symfony [debug] SELECT * FROM usersdailycalories where user_id='387' and workouttype='3'  *ROWS RETURNED* 1* 
Feb 07 08:59:34 symfony [debug] SELECT * FROM nutritioncal_workouttype where dailycaltype='1800' and type='3'  *ROWS RETURNED* 1* 
Feb 07 08:59:34 symfony [debug] SELECT * FROM nutrition_cal where type='bm' and dailycal='1300' limit 7  *ROWS RETURNED* 5* 
Feb 07 08:59:34 symfony [debug] SELECT * FROM nutritioncal_workouttype where dailycaltype='1800' and type='3'  *ROWS RETURNED* 1* 
Feb 07 08:59:34 symfony [debug] SELECT * FROM nutrition_cal where type='lm' and dailycal='1300' limit 7  *ROWS RETURNED* 7* 
Feb 07 08:59:34 symfony [debug] SELECT * FROM nutritioncal_workouttype where dailycaltype='1800' and type='3'  *ROWS RETURNED* 1* 
Feb 07 08:59:34 symfony [debug] SELECT * FROM nutrition_cal where type='dm' and dailycal='1300' limit 7  *ROWS RETURNED* 6* 
Feb 07 08:59:34 symfony [debug] SELECT * FROM nutritioncal_workouttype where dailycaltype='1800' and type='3'  *ROWS RETURNED* 1* 
Feb 07 08:59:34 symfony [debug] SELECT * FROM nutrition_cal where type='bs' and dailycal='1300' limit 7  *ROWS RETURNED* 7* 
Feb 07 08:59:34 symfony [debug] SELECT * FROM nutritioncal_workouttype where dailycaltype='1800' and type='3'  *ROWS RETURNED* 1* 
Feb 07 08:59:34 symfony [debug] SELECT * FROM nutrition_cal where type='ls' and dailycal='1300' limit 7  *ROWS RETURNED* 7* 
Feb 07 08:59:34 symfony [debug] SELECT * FROM nutritioncal_workouttype where dailycaltype='1800' and type='3'  *ROWS RETURNED* 1* 
Feb 07 08:59:34 symfony [debug] SELECT * FROM nutrition_cal where type='ds' and dailycal='1300' limit 7  *ROWS RETURNED* 6* 
Feb 07 08:59:34 symfony [info] {sfAction} change layout to ""
Feb 07 08:59:34 symfony [info] {sfFilter} render to client
Feb 07 08:59:34 symfony [info] {sfResponse} send status "HTTP/1.0 200 OK"
Feb 07 08:59:34 symfony [info] {sfResponse} send content (13615 o)
Feb 07 09:00:02 symfony [info] {sfContext} initialization
Feb 07 09:00:02 symfony [info] {sfController} initialization
Feb 07 09:00:02 symfony [info] {sfRouting} match route [default] "/:module/:action/*"
Feb 07 09:00:02 symfony [info] {sfRequest} request parameters array (  'module' => 'index',  'action' => 'ajax_report',  'userid' => '387',  'rndval' => '1391781602727',)
Feb 07 09:00:02 symfony [info] {sfController} dispatch request
Feb 07 09:00:02 symfony [info] {sfFilter} executing filter "sfRenderingFilter"
Feb 07 09:00:02 symfony [info] {sfFilter} executing filter "sfCommonFilter"
Feb 07 09:00:02 symfony [info] {sfFilter} executing filter "sfFlashFilter"
Feb 07 09:00:02 symfony [info] {sfFilter} executing filter "sfExecutionFilter"
Feb 07 09:00:02 symfony [info] {sfAction} call "indexActions->executeAjax_report()"
Feb 07 09:00:02 symfony [debug] SELECT *, UNIX_TIMESTAMP(occured) as lastupdate, UNIX_TIMESTAMP(now()) as now FROM reporting where data='timeloggedin' and user_id='387' and occured like '2014-02-07%'  *ROWS RETURNED* 0* 
Feb 07 09:00:02 symfony [debug] INSERT INTO `reporting` set data='timeloggedin', user_id='387', occured=now(), totaltime='10'  
Feb 07 09:00:02 symfony [info] {sfFilter} render to client
Feb 07 09:00:02 symfony [info] {sfResponse} send status "HTTP/1.0 200 OK"
Feb 07 09:00:02 symfony [info] {sfResponse} send content (2 o)
Feb 07 09:01:24 symfony [info] {sfContext} initialization
Feb 07 09:01:24 symfony [info] {sfController} initialization
Feb 07 09:01:24 symfony [info] {sfRouting} match route [homepage] "/"
Feb 07 09:01:24 symfony [info] {sfRequest} request parameters array (  'type' => '10',  'module' => 'default',  'action' => 'index',)
Feb 07 09:01:24 symfony [info] {sfController} dispatch request
Feb 07 09:01:24 symfony [info] {sfFilter} executing filter "sfRenderingFilter"
Feb 07 09:01:24 symfony [info] {sfFilter} executing filter "sfCommonFilter"
Feb 07 09:01:24 symfony [info] {sfFilter} executing filter "sfFlashFilter"
Feb 07 09:01:24 symfony [info] {sfFilter} executing filter "sfExecutionFilter"
Feb 07 09:01:24 symfony [info] {sfAction} call "defaultActions->executeIndex()"
Feb 07 09:01:24 symfony [debug] SELECT * FROM `fitness_users` where user_id='387'  *ROWS RETURNED* 1* 
Feb 07 09:01:24 symfony [debug] PASSED.... TRUE/FALSE 1 == TRUE BOOLEAN 1
Feb 07 09:01:24 symfony [info] {sfAction} forward to action "index/index"
Feb 07 09:01:24 symfony [info] {sfFilter} executing filter "sfRenderingFilter"
Feb 07 09:01:24 symfony [info] {sfFilter} executing filter "sfCommonFilter"
Feb 07 09:01:24 symfony [info] {sfFilter} executing filter "sfFlashFilter"
Feb 07 09:01:24 symfony [info] {sfFilter} executing filter "sfExecutionFilter"
Feb 07 09:01:24 symfony [info] {sfAction} call "indexActions->executeIndex()"
Feb 07 09:01:24 symfony [info] USERID:387 Viewdateworkout:2014-02-07
Feb 07 09:01:24 symfony [debug] SELECT * FROM fitness_exercise_day where user_id='387' and workoutdate = '2014-02-07'  *ROWS RETURNED* 1* 
Feb 07 09:01:24 symfony [debug] SELECT * FROM fitness_users where user_id='387'  *ROWS RETURNED* 1* 
Feb 07 09:01:24 symfony [info] 3.swf WORKOUTTYPE VAR
Feb 07 09:01:24 symfony [info] TYPE 10 REQUESTED 
Feb 07 09:01:24 symfony [debug] SELECT * FROM fitness_exercise_day where user_id='387' and workoutdate > curdate() order by workoutdate limit 2   *ROWS RETURNED* 2* 
Feb 07 09:01:24 symfony [debug] SELECT * FROM assessment where user_id='387'  *ROWS RETURNED* 1* 
Feb 07 09:01:24 symfony [debug] SELECT *, UNIX_TIMESTAMP(occured) as lastupdate, UNIX_TIMESTAMP(now()) as now FROM reporting where data='loadevents' and user_id='387' and occured like '2014-02-07%'  *ROWS RETURNED* 0* 
Feb 07 09:01:24 symfony [debug] INSERT INTO `reporting` set data='loadevents', user_id='387', occured=now(), totaltime='10'  
Feb 07 09:01:24 symfony [info] {sfAction} forward to action "events/index"
Feb 07 09:01:24 symfony [info] {sfFilter} executing filter "sfRenderingFilter"
Feb 07 09:01:24 symfony [info] {sfFilter} executing filter "sfCommonFilter"
Feb 07 09:01:24 symfony [info] {sfFilter} executing filter "sfFlashFilter"
Feb 07 09:01:24 symfony [info] {sfFilter} executing filter "sfExecutionFilter"
Feb 07 09:01:24 symfony [info] {sfAction} call "eventsActions->executeIndex()"
Feb 07 09:01:24 symfony [debug] SELECT * FROM fitness_users where user_id='387'  *ROWS RETURNED* 1* 
Feb 07 09:01:24 symfony [debug] SELECT * FROM events where group_id='1' order by eventdate desc  *ROWS RETURNED* 0* 
Feb 07 09:01:24 symfony [info] {sfView} initialize view for "events/index"
Feb 07 09:01:24 symfony [info] {sfView} render "/web/virtualfitnesscoach.com/apps/main/modules/events/templates/indexSuccess.php"
Feb 07 09:01:24 symfony [info] {sfView} decorate content with "/web/virtualfitnesscoach.com/apps/main/templates/layout.php"
Feb 07 09:01:24 symfony [info] {sfView} render "/web/virtualfitnesscoach.com/apps/main/templates/layout.php"
Feb 07 09:01:24 symfony [info] {sfFilter} render to client
Feb 07 09:01:24 symfony [info] {sfResponse} send status "HTTP/1.0 200 OK"
Feb 07 09:01:24 symfony [info] {sfResponse} send header "Content-Type": "text/html; charset=utf-8"
Feb 07 09:01:24 symfony [info] {sfResponse} send content (9464 o)
Feb 07 09:01:41 symfony [info] {sfContext} initialization
Feb 07 09:01:41 symfony [info] {sfController} initialization
Feb 07 09:01:41 symfony [info] {sfRouting} match route [homepage] "/"
Feb 07 09:01:41 symfony [info] {sfRequest} request parameters array (  'type' => '9',  'module' => 'default',  'action' => 'index',)
Feb 07 09:01:41 symfony [info] {sfController} dispatch request
Feb 07 09:01:41 symfony [info] {sfFilter} executing filter "sfRenderingFilter"
Feb 07 09:01:41 symfony [info] {sfFilter} executing filter "sfCommonFilter"
Feb 07 09:01:41 symfony [info] {sfFilter} executing filter "sfFlashFilter"
Feb 07 09:01:41 symfony [info] {sfFilter} executing filter "sfExecutionFilter"
Feb 07 09:01:41 symfony [info] {sfAction} call "defaultActions->executeIndex()"
Feb 07 09:01:41 symfony [debug] SELECT * FROM `fitness_users` where user_id='387'  *ROWS RETURNED* 1* 
Feb 07 09:01:41 symfony [debug] PASSED.... TRUE/FALSE 1 == TRUE BOOLEAN 1
Feb 07 09:01:41 symfony [info] {sfAction} forward to action "index/index"
Feb 07 09:01:41 symfony [info] {sfFilter} executing filter "sfRenderingFilter"
Feb 07 09:01:41 symfony [info] {sfFilter} executing filter "sfCommonFilter"
Feb 07 09:01:41 symfony [info] {sfFilter} executing filter "sfFlashFilter"
Feb 07 09:01:41 symfony [info] {sfFilter} executing filter "sfExecutionFilter"
Feb 07 09:01:41 symfony [info] {sfAction} call "indexActions->executeIndex()"
Feb 07 09:01:41 symfony [info] USERID:387 Viewdateworkout:2014-02-07
Feb 07 09:01:41 symfony [debug] SELECT * FROM fitness_exercise_day where user_id='387' and workoutdate = '2014-02-07'  *ROWS RETURNED* 1* 
Feb 07 09:01:41 symfony [debug] SELECT * FROM fitness_users where user_id='387'  *ROWS RETURNED* 1* 
Feb 07 09:01:41 symfony [info] 2.swf WORKOUTTYPE VAR
Feb 07 09:01:41 symfony [info] TYPE 9 REQUESTED 
Feb 07 09:01:41 symfony [debug] SELECT * FROM fitness_exercise_day where user_id='387' and workoutdate > curdate() order by workoutdate limit 2   *ROWS RETURNED* 2* 
Feb 07 09:01:41 symfony [debug] SELECT * FROM assessment where user_id='387'  *ROWS RETURNED* 1* 
Feb 07 09:01:41 symfony [info] {sfAction} forward to action "connectwithothers/index"
Feb 07 09:01:41 symfony [info] {sfFilter} executing filter "sfRenderingFilter"
Feb 07 09:01:41 symfony [info] {sfFilter} executing filter "sfCommonFilter"
Feb 07 09:01:41 symfony [info] {sfFilter} executing filter "sfFlashFilter"
Feb 07 09:01:41 symfony [info] {sfFilter} executing filter "sfExecutionFilter"
Feb 07 09:01:41 symfony [info] {sfAction} call "connectwithothersActions->executeIndex()"
Feb 07 09:01:41 symfony [info] {sfAction} forward to action "connectwithothers/connectionlist"
Feb 07 09:01:41 symfony [info] {sfFilter} executing filter "sfRenderingFilter"
Feb 07 09:01:41 symfony [info] {sfFilter} executing filter "sfCommonFilter"
Feb 07 09:01:41 symfony [info] {sfFilter} executing filter "sfFlashFilter"
Feb 07 09:01:41 symfony [info] {sfFilter} executing filter "sfExecutionFilter"
Feb 07 09:01:41 symfony [info] {sfAction} call "connectwithothersActions->executeConnectionlist()"
Feb 07 09:01:41 symfony [debug] SELECT *, (select count(group_id) from connectwithothers_usergroup where group_id=a.id  and company_group_id='0') as totalmembers
			FROM connectwithothers_group as a where company_group_id='0' order by groupname  *ROWS RETURNED* 1* 
Feb 07 09:01:41 symfony [debug] select statecode from connectwithothers_group where company_group_id='0' limit 1  *ROWS RETURNED* 1* 
Feb 07 09:01:41 symfony [debug] select distinct(state), statecode FROM zipcodes order by state  *ROWS RETURNED* 59* 
Feb 07 09:01:41 symfony [info] {sfView} initialize view for "connectwithothers/connectionlist"
Feb 07 09:01:41 symfony [info] {sfView} render "/web/virtualfitnesscoach.com/apps/main/modules/connectwithothers/templates/connectionlistSuccess.php"
Feb 07 09:01:41 symfony [info] {sfView} initialize view for "connectwithothers/_header"
Feb 07 09:01:41 symfony [info] {sfView} render "/web/virtualfitnesscoach.com/apps/main/modules/connectwithothers/templates/_header.php"
Feb 07 09:01:41 symfony [info] {sfView} decorate content with "/web/virtualfitnesscoach.com/apps/main/templates/layout.php"
Feb 07 09:01:41 symfony [info] {sfView} render "/web/virtualfitnesscoach.com/apps/main/templates/layout.php"
Feb 07 09:01:41 symfony [info] {sfFilter} render to client
Feb 07 09:01:41 symfony [info] {sfResponse} send status "HTTP/1.0 200 OK"
Feb 07 09:01:41 symfony [info] {sfResponse} send header "Content-Type": "text/html; charset=utf-8"
Feb 07 09:01:41 symfony [info] {sfResponse} send content (9471 o)
Feb 07 09:01:45 symfony [info] {sfContext} initialization
Feb 07 09:01:45 symfony [info] {sfController} initialization
Feb 07 09:01:45 symfony [info] {sfRouting} match route [homepage] "/"
Feb 07 09:01:45 symfony [info] {sfRequest} request parameters array (  'type' => '6',  'module' => 'default',  'action' => 'index',)
Feb 07 09:01:45 symfony [info] {sfController} dispatch request
Feb 07 09:01:45 symfony [info] {sfFilter} executing filter "sfRenderingFilter"
Feb 07 09:01:45 symfony [info] {sfFilter} executing filter "sfCommonFilter"
Feb 07 09:01:45 symfony [info] {sfFilter} executing filter "sfFlashFilter"
Feb 07 09:01:45 symfony [info] {sfFilter} executing filter "sfExecutionFilter"
Feb 07 09:01:45 symfony [info] {sfAction} call "defaultActions->executeIndex()"
Feb 07 09:01:45 symfony [debug] SELECT * FROM `fitness_users` where user_id='387'  *ROWS RETURNED* 1* 
Feb 07 09:01:45 symfony [debug] PASSED.... TRUE/FALSE 1 == TRUE BOOLEAN 1
Feb 07 09:01:45 symfony [info] {sfAction} forward to action "index/index"
Feb 07 09:01:45 symfony [info] {sfFilter} executing filter "sfRenderingFilter"
Feb 07 09:01:45 symfony [info] {sfFilter} executing filter "sfCommonFilter"
Feb 07 09:01:45 symfony [info] {sfFilter} executing filter "sfFlashFilter"
Feb 07 09:01:45 symfony [info] {sfFilter} executing filter "sfExecutionFilter"
Feb 07 09:01:45 symfony [info] {sfAction} call "indexActions->executeIndex()"
Feb 07 09:01:45 symfony [info] USERID:387 Viewdateworkout:2014-02-07
Feb 07 09:01:45 symfony [debug] SELECT * FROM fitness_exercise_day where user_id='387' and workoutdate = '2014-02-07'  *ROWS RETURNED* 1* 
Feb 07 09:01:45 symfony [debug] SELECT * FROM fitness_users where user_id='387'  *ROWS RETURNED* 1* 
Feb 07 09:01:45 symfony [info] motivation.swf WORKOUTTYPE VAR
Feb 07 09:01:45 symfony [info] TYPE 6 REQUESTED 
Feb 07 09:01:45 symfony [debug] SELECT * FROM fitness_exercise_day where user_id='387' and workoutdate > curdate() order by workoutdate limit 2   *ROWS RETURNED* 2* 
Feb 07 09:01:45 symfony [debug] SELECT * FROM assessment where user_id='387'  *ROWS RETURNED* 1* 
Feb 07 09:01:45 symfony [debug] SELECT *, UNIX_TIMESTAMP(occured) as lastupdate, UNIX_TIMESTAMP(now()) as now FROM reporting where data='loadmotivation' and user_id='387' and occured like '2014-02-07%'  *ROWS RETURNED* 0* 
Feb 07 09:01:45 symfony [debug] INSERT INTO `reporting` set data='loadmotivation', user_id='387', occured=now(), totaltime='10'  
Feb 07 09:01:45 symfony [info] {sfAction} forward to action "motivation/index"
Feb 07 09:01:45 symfony [info] {sfFilter} executing filter "sfRenderingFilter"
Feb 07 09:01:45 symfony [info] {sfFilter} executing filter "sfCommonFilter"
Feb 07 09:01:45 symfony [info] {sfFilter} executing filter "sfFlashFilter"
Feb 07 09:01:45 symfony [info] {sfFilter} executing filter "sfExecutionFilter"
Feb 07 09:01:45 symfony [info] {sfAction} call "motivationActions->executeIndex()"
Feb 07 09:01:45 symfony [debug] SELECT week, link FROM motivation order by week desc  *ROWS RETURNED* 6* 
Feb 07 09:01:45 symfony [info] {sfView} initialize view for "motivation/index"
Feb 07 09:01:45 symfony [info] {sfView} render "/web/virtualfitnesscoach.com/apps/main/modules/motivation/templates/indexSuccess.php"
Feb 07 09:01:45 symfony [info] {sfView} decorate content with "/web/virtualfitnesscoach.com/apps/main/templates/layout.php"
Feb 07 09:01:45 symfony [info] {sfView} render "/web/virtualfitnesscoach.com/apps/main/templates/layout.php"
Feb 07 09:01:45 symfony [info] {sfFilter} render to client
Feb 07 09:01:45 symfony [info] {sfResponse} send status "HTTP/1.0 200 OK"
Feb 07 09:01:45 symfony [info] {sfResponse} send header "Content-Type": "text/html; charset=utf-8"
Feb 07 09:01:45 symfony [info] {sfResponse} send content (10413 o)
Feb 07 09:01:46 symfony [info] {sfContext} initialization
Feb 07 09:01:46 symfony [info] {sfController} initialization
Feb 07 09:01:46 symfony [info] {sfRouting} match route [default] "/:module/:action/*"
Feb 07 09:01:46 symfony [info] {sfRequest} request parameters array (  '_' => '1391781706115',  'user_id' => '387',  'module' => 'index',  'action' => 'commentsLoadLog',)
Feb 07 09:01:46 symfony [info] {sfController} dispatch request
Feb 07 09:01:46 symfony [info] {sfFilter} executing filter "sfRenderingFilter"
Feb 07 09:01:46 symfony [info] {sfFilter} executing filter "sfCommonFilter"
Feb 07 09:01:46 symfony [info] {sfFilter} executing filter "sfFlashFilter"
Feb 07 09:01:46 symfony [info] {sfFilter} executing filter "sfExecutionFilter"
Feb 07 09:01:46 symfony [info] {sfAction} call "indexActions->executeCommentsLoadLog()"
Feb 07 09:01:46 symfony [debug] 
				SELECT c.id, c.user_id, u.user_firstname, u.user_lastname, c.comment, c.commentdate
				FROM fitnessuser_comments c join fitness_users u on u.user_id = c.user_id
				where c.activeflag=1 and u.user_id='387'
				union
				SELECT c.id, c.user_id, u.user_firstname, u.user_lastname, c.comment, c.commentdate
				FROM fitnessuser_comments c join fitness_users u on u.user_id = c.sendto
				where c.activeflag=1 and c.sendto='387'
				order by 1 asc  *ROWS RETURNED* 0* 
Feb 07 09:01:46 symfony [info] {sfFilter} render to client
Feb 07 09:01:46 symfony [info] {sfResponse} send status "HTTP/1.0 200 OK"
Feb 07 09:01:46 symfony [info] {sfResponse} send content (0 o)
Feb 07 09:01:46 symfony [info] {sfContext} initialization
Feb 07 09:01:46 symfony [info] {sfController} initialization
Feb 07 09:01:46 symfony [info] {sfRouting} match route [homepage] "/"
Feb 07 09:01:46 symfony [info] {sfRequest} request parameters array (  'type' => '5',  'module' => 'default',  'action' => 'index',)
Feb 07 09:01:46 symfony [info] {sfController} dispatch request
Feb 07 09:01:46 symfony [info] {sfFilter} executing filter "sfRenderingFilter"
Feb 07 09:01:46 symfony [info] {sfFilter} executing filter "sfCommonFilter"
Feb 07 09:01:46 symfony [info] {sfFilter} executing filter "sfFlashFilter"
Feb 07 09:01:46 symfony [info] {sfFilter} executing filter "sfExecutionFilter"
Feb 07 09:01:46 symfony [info] {sfAction} call "defaultActions->executeIndex()"
Feb 07 09:01:46 symfony [debug] SELECT * FROM `fitness_users` where user_id='387'  *ROWS RETURNED* 1* 
Feb 07 09:01:46 symfony [debug] PASSED.... TRUE/FALSE 1 == TRUE BOOLEAN 1
Feb 07 09:01:46 symfony [info] {sfAction} forward to action "index/index"
Feb 07 09:01:46 symfony [info] {sfFilter} executing filter "sfRenderingFilter"
Feb 07 09:01:46 symfony [info] {sfFilter} executing filter "sfCommonFilter"
Feb 07 09:01:46 symfony [info] {sfFilter} executing filter "sfFlashFilter"
Feb 07 09:01:46 symfony [info] {sfFilter} executing filter "sfExecutionFilter"
Feb 07 09:01:46 symfony [info] {sfAction} call "indexActions->executeIndex()"
Feb 07 09:01:46 symfony [info] USERID:387 Viewdateworkout:2014-02-07
Feb 07 09:01:46 symfony [debug] SELECT * FROM fitness_exercise_day where user_id='387' and workoutdate = '2014-02-07'  *ROWS RETURNED* 1* 
Feb 07 09:01:46 symfony [debug] SELECT * FROM fitness_users where user_id='387'  *ROWS RETURNED* 1* 
Feb 07 09:01:46 symfony [info] progressreport.swf WORKOUTTYPE VAR
Feb 07 09:01:46 symfony [info] TYPE 5 REQUESTED 
Feb 07 09:01:46 symfony [debug] SELECT * FROM fitness_exercise_day where user_id='387' and workoutdate > curdate() order by workoutdate limit 2   *ROWS RETURNED* 2* 
Feb 07 09:01:46 symfony [debug] SELECT * FROM assessment where user_id='387'  *ROWS RETURNED* 1* 
Feb 07 09:01:46 symfony [debug] SELECT *, UNIX_TIMESTAMP(occured) as lastupdate, UNIX_TIMESTAMP(now()) as now FROM reporting where data='loadprogressreport' and user_id='387' and occured like '2014-02-07%'  *ROWS RETURNED* 0* 
Feb 07 09:01:46 symfony [debug] INSERT INTO `reporting` set data='loadprogressreport', user_id='387', occured=now(), totaltime='10'  
Feb 07 09:01:46 symfony [info] {sfAction} forward to action "progressreport/index"
Feb 07 09:01:46 symfony [info] {sfFilter} executing filter "sfRenderingFilter"
Feb 07 09:01:46 symfony [info] {sfFilter} executing filter "sfCommonFilter"
Feb 07 09:01:46 symfony [info] {sfFilter} executing filter "sfFlashFilter"
Feb 07 09:01:46 symfony [info] {sfFilter} executing filter "sfExecutionFilter"
Feb 07 09:01:46 symfony [info] {sfAction} call "progressreportActions->executeIndex()"
Feb 07 09:01:46 symfony [debug] SELECT *, (7 - datediff(now(), datetime)) as nextupdate FROM statistics where user_id='387' and statistics_type='1' order by datetime desc limit 1  *ROWS RETURNED* 1* 
Feb 07 09:01:46 symfony [debug] SELECT * FROM progress_report_graphs where user_id='387'  *ROWS RETURNED* 2* 
Feb 07 09:01:46 symfony [debug] SELECT * FROM siloets where user_id='387' order by type asc  *ROWS RETURNED* 3* 
Feb 07 09:01:46 symfony [info] {sfView} initialize view for "progressreport/index"
Feb 07 09:01:46 symfony [info] {sfView} render "/web/virtualfitnesscoach.com/apps/main/modules/progressreport/templates/indexSuccess.php"
Feb 07 09:01:46 symfony [info] {sfView} decorate content with "/web/virtualfitnesscoach.com/apps/main/templates/layout.php"
Feb 07 09:01:46 symfony [info] {sfView} render "/web/virtualfitnesscoach.com/apps/main/templates/layout.php"
Feb 07 09:01:46 symfony [info] {sfFilter} render to client
Feb 07 09:01:46 symfony [info] {sfResponse} send status "HTTP/1.0 200 OK"
Feb 07 09:01:46 symfony [info] {sfResponse} send header "Content-Type": "text/html; charset=utf-8"
Feb 07 09:01:46 symfony [info] {sfResponse} send content (11619 o)
Feb 07 09:01:47 symfony [info] {sfContext} initialization
Feb 07 09:01:47 symfony [info] {sfController} initialization
Feb 07 09:01:47 symfony [info] {sfRouting} match route [default] "/:module/:action/*"
Feb 07 09:01:47 symfony [info] {sfRequest} request parameters array (  'module' => 'progressreport',  'action' => 'graph',  'name' => 'Waist',  'type' => 'waist',)
Feb 07 09:01:47 symfony [info] {sfContext} initialization
Feb 07 09:01:47 symfony [info] {sfController} dispatch request
Feb 07 09:01:47 symfony [info] {sfController} initialization
Feb 07 09:01:47 symfony [info] {sfRouting} match route [default] "/:module/:action/*"
Feb 07 09:01:47 symfony [info] {sfRequest} request parameters array (  'name' => 'Pushups',  'type' => 'pushups',  'module' => 'progressreport',  'action' => 'graph',)
Feb 07 09:01:47 symfony [info] {sfFilter} executing filter "sfRenderingFilter"
Feb 07 09:01:47 symfony [info] {sfFilter} executing filter "sfCommonFilter"
Feb 07 09:01:47 symfony [info] {sfFilter} executing filter "sfFlashFilter"
Feb 07 09:01:47 symfony [info] {sfContext} initialization
Feb 07 09:01:47 symfony [info] {sfFilter} executing filter "sfExecutionFilter"
Feb 07 09:01:47 symfony [info] {sfContext} initialization
Feb 07 09:01:47 symfony [info] {sfController} initialization
Feb 07 09:01:47 symfony [info] {sfController} initialization
Feb 07 09:01:47 symfony [info] {sfRouting} match route [default] "/:module/:action/*"
Feb 07 09:01:47 symfony [info] {sfRouting} match route [default] "/:module/:action/*"
Feb 07 09:01:47 symfony [info] {sfRequest} request parameters array (  'module' => 'progressreport',  'action' => 'graph',  'name' => 'Weight',  'type' => 'weight',)
Feb 07 09:01:47 symfony [info] {sfRequest} request parameters array (  'name' => 'Weight',  'type' => 'weight',  'module' => 'progressreport',  'action' => 'graph',)
Feb 07 09:01:47 symfony [info] {sfContext} initialization
Feb 07 09:01:47 symfony [info] {sfController} initialization
Feb 07 09:01:47 symfony [info] {sfAction} call "progressreportActions->executeGraph()"
Feb 07 09:01:47 symfony [info] {sfRouting} match route [default] "/:module/:action/*"
Feb 07 09:01:47 symfony [info] {sfRequest} request parameters array (  'name' => 'Step Test',  'type' => 'steptest',  'module' => 'progressreport',  'action' => 'graph',)
Feb 07 09:01:47 symfony [debug] SELECT max(waist) as max, min(waist) as min 
		FROM statistics where user_id='387' and statistics_type='1' and waist != ''  *ROWS RETURNED* 1* 
Feb 07 09:01:47 symfony [debug] SELECT * FROM statistics where user_id='387' and statistics_type='1' and waist != '' order by datetime limit 1  *ROWS RETURNED* 1* 
Feb 07 09:01:47 symfony [info] TYPE INCREASE_DESCREASE -
Feb 07 09:01:47 symfony [debug] SELECT *, DATE_FORMAT(datetime, "%c") as df FROM statistics where user_id='387' and statistics_type='1' order by datetime   *ROWS RETURNED* 1* 
Feb 07 09:01:47 symfony [info] {sfFilter} render to client
Feb 07 09:01:47 symfony [info] {sfResponse} send status "HTTP/1.0 200 OK"
Feb 07 09:01:47 symfony [info] {sfResponse} send content (0 o)
Feb 07 09:01:47 symfony [info] {sfController} dispatch request
Feb 07 09:01:47 symfony [info] {sfFilter} executing filter "sfRenderingFilter"
Feb 07 09:01:47 symfony [info] {sfFilter} executing filter "sfCommonFilter"
Feb 07 09:01:47 symfony [info] {sfFilter} executing filter "sfFlashFilter"
Feb 07 09:01:47 symfony [info] {sfFilter} executing filter "sfExecutionFilter"
Feb 07 09:01:47 symfony [info] {sfAction} call "progressreportActions->executeGraph()"
Feb 07 09:01:47 symfony [debug] SELECT max(pushups) as max, min(pushups) as min 
		FROM statistics where user_id='387' and statistics_type='1' and pushups != ''  *ROWS RETURNED* 1* 
Feb 07 09:01:47 symfony [debug] SELECT * FROM statistics where user_id='387' and statistics_type='1' and pushups != '' order by datetime limit 1  *ROWS RETURNED* 0* 
Feb 07 09:01:47 symfony [info] TYPE INCREASE_DESCREASE -
Feb 07 09:01:47 symfony [info] NO GRAPH IMAGE BECAUSE ROW pushups has value of ** 
Feb 07 09:01:48 symfony [info] {sfFilter} render to client
Feb 07 09:01:48 symfony [info] {sfResponse} send status "HTTP/1.0 200 OK"
Feb 07 09:01:48 symfony [info] {sfResponse} send content (0 o)
Feb 07 09:01:48 symfony [info] {sfController} dispatch request
Feb 07 09:01:48 symfony [info] {sfFilter} executing filter "sfRenderingFilter"
Feb 07 09:01:48 symfony [info] {sfFilter} executing filter "sfCommonFilter"
Feb 07 09:01:48 symfony [info] {sfFilter} executing filter "sfFlashFilter"
Feb 07 09:01:48 symfony [info] {sfFilter} executing filter "sfExecutionFilter"
Feb 07 09:01:48 symfony [info] {sfAction} call "progressreportActions->executeGraph()"
Feb 07 09:01:48 symfony [debug] SELECT max(weight) as max, min(weight) as min 
		FROM statistics where user_id='387' and statistics_type='1' and weight != ''  *ROWS RETURNED* 1* 
Feb 07 09:01:48 symfony [debug] SELECT * FROM statistics where user_id='387' and statistics_type='1' and weight != '' order by datetime limit 1  *ROWS RETURNED* 1* 
Feb 07 09:01:48 symfony [info] TYPE INCREASE_DESCREASE -
Feb 07 09:01:48 symfony [debug] SELECT *, DATE_FORMAT(datetime, "%c") as df FROM statistics where user_id='387' and statistics_type='1' order by datetime   *ROWS RETURNED* 1* 
Feb 07 09:01:48 symfony [info] {sfFilter} render to client
Feb 07 09:01:48 symfony [info] {sfResponse} send status "HTTP/1.0 200 OK"
Feb 07 09:01:48 symfony [info] {sfResponse} send content (0 o)
Feb 07 09:01:48 symfony [info] {sfController} dispatch request
Feb 07 09:01:48 symfony [info] {sfFilter} executing filter "sfRenderingFilter"
Feb 07 09:01:48 symfony [info] {sfFilter} executing filter "sfCommonFilter"
Feb 07 09:01:48 symfony [info] {sfFilter} executing filter "sfFlashFilter"
Feb 07 09:01:48 symfony [info] {sfFilter} executing filter "sfExecutionFilter"
Feb 07 09:01:48 symfony [info] {sfAction} call "progressreportActions->executeGraph()"
Feb 07 09:01:48 symfony [debug] SELECT max(weight) as max, min(weight) as min 
		FROM statistics where user_id='387' and statistics_type='1' and weight != ''  *ROWS RETURNED* 1* 
Feb 07 09:01:48 symfony [debug] SELECT * FROM statistics where user_id='387' and statistics_type='1' and weight != '' order by datetime limit 1  *ROWS RETURNED* 1* 
Feb 07 09:01:48 symfony [info] TYPE INCREASE_DESCREASE -
Feb 07 09:01:48 symfony [info] {sfContext} initialization
Feb 07 09:01:48 symfony [info] {sfController} initialization
Feb 07 09:01:48 symfony [info] {sfRouting} match route [default] "/:module/:action/*"
Feb 07 09:01:48 symfony [info] {sfRequest} request parameters array (  'name' => 'Hips',  'type' => 'hips',  'module' => 'progressreport',  'action' => 'graph',)
Feb 07 09:01:48 symfony [debug] SELECT *, DATE_FORMAT(datetime, "%c") as df FROM statistics where user_id='387' and statistics_type='1' order by datetime   *ROWS RETURNED* 1* 
Feb 07 09:01:48 symfony [info] {sfFilter} render to client
Feb 07 09:01:48 symfony [info] {sfResponse} send status "HTTP/1.0 200 OK"
Feb 07 09:01:48 symfony [info] {sfResponse} send content (0 o)
Feb 07 09:01:48 symfony [info] {sfController} dispatch request
Feb 07 09:01:48 symfony [info] {sfFilter} executing filter "sfRenderingFilter"
Feb 07 09:01:48 symfony [info] {sfFilter} executing filter "sfCommonFilter"
Feb 07 09:01:48 symfony [info] {sfFilter} executing filter "sfFlashFilter"
Feb 07 09:01:48 symfony [info] {sfFilter} executing filter "sfExecutionFilter"
Feb 07 09:01:48 symfony [info] {sfAction} call "progressreportActions->executeGraph()"
Feb 07 09:01:48 symfony [debug] SELECT max(steptest) as max, min(steptest) as min 
		FROM statistics where user_id='387' and statistics_type='1' and steptest != ''  *ROWS RETURNED* 1* 
Feb 07 09:01:48 symfony [debug] SELECT * FROM statistics where user_id='387' and statistics_type='1' and steptest != '' order by datetime limit 1  *ROWS RETURNED* 1* 
Feb 07 09:01:48 symfony [info] TYPE INCREASE_DESCREASE -
Feb 07 09:01:48 symfony [debug] SELECT *, DATE_FORMAT(datetime, "%c") as df FROM statistics where user_id='387' and statistics_type='1' order by datetime   *ROWS RETURNED* 1* 
Feb 07 09:01:48 symfony [info] {sfFilter} render to client
Feb 07 09:01:48 symfony [info] {sfResponse} send status "HTTP/1.0 200 OK"
Feb 07 09:01:48 symfony [info] {sfResponse} send content (0 o)
Feb 07 09:01:48 symfony [info] {sfController} dispatch request
Feb 07 09:01:48 symfony [info] {sfContext} initialization
Feb 07 09:01:48 symfony [info] {sfController} initialization
Feb 07 09:01:48 symfony [info] {sfFilter} executing filter "sfRenderingFilter"
Feb 07 09:01:48 symfony [info] {sfFilter} executing filter "sfCommonFilter"
Feb 07 09:01:48 symfony [info] {sfRouting} match route [default] "/:module/:action/*"
Feb 07 09:01:48 symfony [info] {sfFilter} executing filter "sfFlashFilter"
Feb 07 09:01:48 symfony [info] {sfRequest} request parameters array (  'name' => 'Resting Heart Rate',  'type' => 'restingheartrate',  'module' => 'progressreport',  'action' => 'graph',)
Feb 07 09:01:48 symfony [info] {sfFilter} executing filter "sfExecutionFilter"
Feb 07 09:01:48 symfony [info] {sfAction} call "progressreportActions->executeGraph()"
Feb 07 09:01:48 symfony [debug] SELECT max(hips) as max, min(hips) as min 
		FROM statistics where user_id='387' and statistics_type='1' and hips != ''  *ROWS RETURNED* 1* 
Feb 07 09:01:48 symfony [debug] SELECT * FROM statistics where user_id='387' and statistics_type='1' and hips != '' order by datetime limit 1  *ROWS RETURNED* 1* 
Feb 07 09:01:48 symfony [info] TYPE INCREASE_DESCREASE -
Feb 07 09:01:48 symfony [debug] SELECT *, DATE_FORMAT(datetime, "%c") as df FROM statistics where user_id='387' and statistics_type='1' order by datetime   *ROWS RETURNED* 1* 
Feb 07 09:01:48 symfony [info] {sfFilter} render to client
Feb 07 09:01:48 symfony [info] {sfResponse} send status "HTTP/1.0 200 OK"
Feb 07 09:01:48 symfony [info] {sfResponse} send content (0 o)
Feb 07 09:01:48 symfony [info] {sfController} dispatch request
Feb 07 09:01:48 symfony [info] {sfFilter} executing filter "sfRenderingFilter"
Feb 07 09:01:48 symfony [info] {sfFilter} executing filter "sfCommonFilter"
Feb 07 09:01:48 symfony [info] {sfFilter} executing filter "sfFlashFilter"
Feb 07 09:01:48 symfony [info] {sfFilter} executing filter "sfExecutionFilter"
Feb 07 09:01:48 symfony [info] {sfAction} call "progressreportActions->executeGraph()"
Feb 07 09:01:48 symfony [debug] SELECT max(restingheartrate) as max, min(restingheartrate) as min 
		FROM statistics where user_id='387' and statistics_type='1' and restingheartrate != ''  *ROWS RETURNED* 1* 
Feb 07 09:01:48 symfony [debug] SELECT * FROM statistics where user_id='387' and statistics_type='1' and restingheartrate != '' order by datetime limit 1  *ROWS RETURNED* 1* 
Feb 07 09:01:48 symfony [info] TYPE INCREASE_DESCREASE -
Feb 07 09:01:48 symfony [debug] SELECT *, DATE_FORMAT(datetime, "%c") as df FROM statistics where user_id='387' and statistics_type='1' order by datetime   *ROWS RETURNED* 1* 
Feb 07 09:01:48 symfony [info] {sfContext} initialization
Feb 07 09:01:48 symfony [info] {sfController} initialization
Feb 07 09:01:48 symfony [info] {sfRouting} match route [default] "/:module/:action/*"
Feb 07 09:01:48 symfony [info] {sfRequest} request parameters array (  'name' => 'Thighs',  'type' => 'thighs',  'module' => 'progressreport',  'action' => 'graph',)
Feb 07 09:01:48 symfony [info] {sfContext} initialization
Feb 07 09:01:48 symfony [info] {sfController} initialization
Feb 07 09:01:48 symfony [info] {sfRouting} match route [default] "/:module/:action/*"
Feb 07 09:01:48 symfony [info] {sfRequest} request parameters array (  'name' => 'Chest',  'type' => 'chest',  'module' => 'progressreport',  'action' => 'graph',)
Feb 07 09:01:48 symfony [info] {sfContext} initialization
Feb 07 09:01:48 symfony [info] {sfController} initialization
Feb 07 09:01:48 symfony [info] {sfRouting} match route [default] "/:module/:action/*"
Feb 07 09:01:48 symfony [info] {sfRequest} request parameters array (  'name' => 'Waist',  'type' => 'waist',  'module' => 'progressreport',  'action' => 'graph',)
Feb 07 09:01:48 symfony [info] {sfFilter} render to client
Feb 07 09:01:48 symfony [info] {sfResponse} send status "HTTP/1.0 200 OK"
Feb 07 09:01:48 symfony [info] {sfResponse} send content (0 o)
Feb 07 09:01:48 symfony [info] {sfController} dispatch request
Feb 07 09:01:48 symfony [info] {sfFilter} executing filter "sfRenderingFilter"
Feb 07 09:01:48 symfony [info] {sfFilter} executing filter "sfCommonFilter"
Feb 07 09:01:48 symfony [info] {sfFilter} executing filter "sfFlashFilter"
Feb 07 09:01:48 symfony [info] {sfFilter} executing filter "sfExecutionFilter"
Feb 07 09:01:48 symfony [info] {sfAction} call "progressreportActions->executeGraph()"
Feb 07 09:01:48 symfony [debug] SELECT max(thighs) as max, min(thighs) as min 
		FROM statistics where user_id='387' and statistics_type='1' and thighs != ''  *ROWS RETURNED* 1* 
Feb 07 09:01:48 symfony [debug] SELECT * FROM statistics where user_id='387' and statistics_type='1' and thighs != '' order by datetime limit 1  *ROWS RETURNED* 1* 
Feb 07 09:01:48 symfony [info] TYPE INCREASE_DESCREASE -
Feb 07 09:01:48 symfony [info] {sfContext} initialization
Feb 07 09:01:48 symfony [info] {sfController} initialization
Feb 07 09:01:48 symfony [info] {sfRouting} match route [default] "/:module/:action/*"
Feb 07 09:01:48 symfony [info] {sfRequest} request parameters array (  '_' => '1391781708506',  'user_id' => '387',  'module' => 'index',  'action' => 'commentsLoadLog',)
Feb 07 09:01:48 symfony [debug] SELECT *, DATE_FORMAT(datetime, "%c") as df FROM statistics where user_id='387' and statistics_type='1' order by datetime   *ROWS RETURNED* 1* 
Feb 07 09:01:48 symfony [info] {sfFilter} render to client
Feb 07 09:01:48 symfony [info] {sfResponse} send status "HTTP/1.0 200 OK"
Feb 07 09:01:48 symfony [info] {sfResponse} send content (0 o)
Feb 07 09:01:48 symfony [info] {sfController} dispatch request
Feb 07 09:01:48 symfony [info] {sfFilter} executing filter "sfRenderingFilter"
Feb 07 09:01:48 symfony [info] {sfFilter} executing filter "sfCommonFilter"
Feb 07 09:01:48 symfony [info] {sfFilter} executing filter "sfFlashFilter"
Feb 07 09:01:48 symfony [info] {sfFilter} executing filter "sfExecutionFilter"
Feb 07 09:01:48 symfony [info] {sfAction} call "progressreportActions->executeGraph()"
Feb 07 09:01:48 symfony [debug] SELECT max(waist) as max, min(waist) as min 
		FROM statistics where user_id='387' and statistics_type='1' and waist != ''  *ROWS RETURNED* 1* 
Feb 07 09:01:48 symfony [debug] SELECT * FROM statistics where user_id='387' and statistics_type='1' and waist != '' order by datetime limit 1  *ROWS RETURNED* 1* 
Feb 07 09:01:48 symfony [info] TYPE INCREASE_DESCREASE -
Feb 07 09:01:48 symfony [debug] SELECT *, DATE_FORMAT(datetime, "%c") as df FROM statistics where user_id='387' and statistics_type='1' order by datetime   *ROWS RETURNED* 1* 
Feb 07 09:01:48 symfony [info] {sfFilter} render to client
Feb 07 09:01:48 symfony [info] {sfResponse} send status "HTTP/1.0 200 OK"
Feb 07 09:01:48 symfony [info] {sfResponse} send content (0 o)
Feb 07 09:01:48 symfony [info] {sfController} dispatch request
Feb 07 09:01:48 symfony [info] {sfFilter} executing filter "sfRenderingFilter"
Feb 07 09:01:48 symfony [info] {sfFilter} executing filter "sfCommonFilter"
Feb 07 09:01:48 symfony [info] {sfFilter} executing filter "sfFlashFilter"
Feb 07 09:01:48 symfony [info] {sfFilter} executing filter "sfExecutionFilter"
Feb 07 09:01:48 symfony [info] {sfAction} call "indexActions->executeCommentsLoadLog()"
Feb 07 09:01:48 symfony [debug] 
				SELECT c.id, c.user_id, u.user_firstname, u.user_lastname, c.comment, c.commentdate
				FROM fitnessuser_comments c join fitness_users u on u.user_id = c.user_id
				where c.activeflag=1 and u.user_id='387'
				union
				SELECT c.id, c.user_id, u.user_firstname, u.user_lastname, c.comment, c.commentdate
				FROM fitnessuser_comments c join fitness_users u on u.user_id = c.sendto
				where c.activeflag=1 and c.sendto='387'
				order by 1 asc  *ROWS RETURNED* 0* 
Feb 07 09:01:48 symfony [info] {sfFilter} render to client
Feb 07 09:01:48 symfony [info] {sfResponse} send status "HTTP/1.0 200 OK"
Feb 07 09:01:48 symfony [info] {sfResponse} send content (0 o)
Feb 07 09:01:48 symfony [info] {sfController} dispatch request
Feb 07 09:01:48 symfony [info] {sfFilter} executing filter "sfRenderingFilter"
Feb 07 09:01:48 symfony [info] {sfFilter} executing filter "sfCommonFilter"
Feb 07 09:01:48 symfony [info] {sfFilter} executing filter "sfFlashFilter"
Feb 07 09:01:48 symfony [info] {sfFilter} executing filter "sfExecutionFilter"
Feb 07 09:01:48 symfony [info] {sfAction} call "progressreportActions->executeGraph()"
Feb 07 09:01:48 symfony [debug] SELECT max(chest) as max, min(chest) as min 
		FROM statistics where user_id='387' and statistics_type='1' and chest != ''  *ROWS RETURNED* 1* 
Feb 07 09:01:48 symfony [debug] SELECT * FROM statistics where user_id='387' and statistics_type='1' and chest != '' order by datetime limit 1  *ROWS RETURNED* 1* 
Feb 07 09:01:48 symfony [info] TYPE INCREASE_DESCREASE -
Feb 07 09:01:48 symfony [debug] SELECT *, DATE_FORMAT(datetime, "%c") as df FROM statistics where user_id='387' and statistics_type='1' order by datetime   *ROWS RETURNED* 1* 
Feb 07 09:01:48 symfony [info] {sfFilter} render to client
Feb 07 09:01:48 symfony [info] {sfResponse} send status "HTTP/1.0 200 OK"
Feb 07 09:01:48 symfony [info] {sfResponse} send content (0 o)
Feb 07 09:01:53 symfony [info] {sfContext} initialization
Feb 07 09:01:53 symfony [info] {sfController} initialization
Feb 07 09:01:53 symfony [info] {sfRouting} match route [default] "/:module/:action/*"
Feb 07 09:01:53 symfony [info] {sfRequest} request parameters array (  '_' => '1391781713506',  'user_id' => '387',  'module' => 'index',  'action' => 'commentsLoadLog',)
Feb 07 09:01:53 symfony [info] {sfController} dispatch request
Feb 07 09:01:53 symfony [info] {sfFilter} executing filter "sfRenderingFilter"
Feb 07 09:01:53 symfony [info] {sfFilter} executing filter "sfCommonFilter"
Feb 07 09:01:53 symfony [info] {sfFilter} executing filter "sfFlashFilter"
Feb 07 09:01:53 symfony [info] {sfFilter} executing filter "sfExecutionFilter"
Feb 07 09:01:53 symfony [info] {sfAction} call "indexActions->executeCommentsLoadLog()"
Feb 07 09:01:53 symfony [debug] 
				SELECT c.id, c.user_id, u.user_firstname, u.user_lastname, c.comment, c.commentdate
				FROM fitnessuser_comments c join fitness_users u on u.user_id = c.user_id
				where c.activeflag=1 and u.user_id='387'
				union
				SELECT c.id, c.user_id, u.user_firstname, u.user_lastname, c.comment, c.commentdate
				FROM fitnessuser_comments c join fitness_users u on u.user_id = c.sendto
				where c.activeflag=1 and c.sendto='387'
				order by 1 asc  *ROWS RETURNED* 0* 
Feb 07 09:01:53 symfony [info] {sfFilter} render to client
Feb 07 09:01:53 symfony [info] {sfResponse} send status "HTTP/1.0 200 OK"
Feb 07 09:01:53 symfony [info] {sfResponse} send content (0 o)
Feb 07 09:01:58 symfony [info] {sfContext} initialization
Feb 07 09:01:58 symfony [info] {sfController} initialization
Feb 07 09:01:58 symfony [info] {sfRouting} match route [homepage] "/"
Feb 07 09:01:58 symfony [info] {sfRequest} request parameters array (  'type' => 'a',  'module' => 'default',  'action' => 'index',)
Feb 07 09:01:58 symfony [info] {sfController} dispatch request
Feb 07 09:01:58 symfony [info] {sfFilter} executing filter "sfRenderingFilter"
Feb 07 09:01:58 symfony [info] {sfFilter} executing filter "sfCommonFilter"
Feb 07 09:01:58 symfony [info] {sfFilter} executing filter "sfFlashFilter"
Feb 07 09:01:58 symfony [info] {sfFilter} executing filter "sfExecutionFilter"
Feb 07 09:01:58 symfony [info] {sfAction} call "defaultActions->executeIndex()"
Feb 07 09:01:58 symfony [debug] SELECT * FROM `fitness_users` where user_id='387'  *ROWS RETURNED* 1* 
Feb 07 09:01:58 symfony [debug] PASSED.... TRUE/FALSE 1 == TRUE BOOLEAN 1
Feb 07 09:01:58 symfony [info] {sfAction} forward to action "index/index"
Feb 07 09:01:58 symfony [info] {sfFilter} executing filter "sfRenderingFilter"
Feb 07 09:01:58 symfony [info] {sfFilter} executing filter "sfCommonFilter"
Feb 07 09:01:58 symfony [info] {sfFilter} executing filter "sfFlashFilter"
Feb 07 09:01:58 symfony [info] {sfFilter} executing filter "sfExecutionFilter"
Feb 07 09:01:58 symfony [info] {sfAction} call "indexActions->executeIndex()"
Feb 07 09:01:58 symfony [info] USERID:387 Viewdateworkout:2014-02-07
Feb 07 09:01:58 symfony [debug] SELECT * FROM fitness_exercise_day where user_id='387' and workoutdate = '2014-02-07'  *ROWS RETURNED* 1* 
Feb 07 09:01:58 symfony [debug] SELECT * FROM fitness_users where user_id='387'  *ROWS RETURNED* 1* 
Feb 07 09:01:58 symfony [info] rest_day_ohio.swf WORKOUTTYPE VAR
Feb 07 09:01:58 symfony [info] TYPE a REQUESTED 
Feb 07 09:01:58 symfony [debug] SELECT * FROM fitness_exercise_day where user_id='387' and workoutdate > curdate() order by workoutdate limit 2   *ROWS RETURNED* 2* 
Feb 07 09:01:58 symfony [debug] SELECT * FROM assessment where user_id='387'  *ROWS RETURNED* 1* 
Feb 07 09:01:58 symfony [debug] SELECT *, UNIX_TIMESTAMP(occured) as lastupdate, UNIX_TIMESTAMP(now()) as now FROM reporting where data='assessment' and user_id='387' and occured like '2014-02-07%'  *ROWS RETURNED* 0* 
Feb 07 09:01:58 symfony [debug] INSERT INTO `reporting` set data='assessment', user_id='387', occured=now(), totaltime='10'  
Feb 07 09:01:58 symfony [info] {sfView} initialize view for "index/index"
Feb 07 09:01:58 symfony [info] {sfView} render "/web/virtualfitnesscoach.com/apps/main/modules/index/templates/indexSuccess.php"
Feb 07 09:01:58 symfony [info] {sfView} decorate content with "/web/virtualfitnesscoach.com/apps/main/templates/layout.php"
Feb 07 09:01:58 symfony [info] {sfView} render "/web/virtualfitnesscoach.com/apps/main/templates/layout.php"
Feb 07 09:01:58 symfony [info] {sfFilter} render to client
Feb 07 09:01:58 symfony [info] {sfResponse} send status "HTTP/1.0 200 OK"
Feb 07 09:01:58 symfony [info] {sfResponse} send header "Content-Type": "text/html; charset=utf-8"
Feb 07 09:01:58 symfony [info] {sfResponse} send content (7242 o)
Feb 07 09:02:03 symfony [info] {sfContext} initialization
Feb 07 09:02:03 symfony [info] {sfController} initialization
Feb 07 09:02:03 symfony [info] {sfRouting} match route [default] "/:module/:action/*"
Feb 07 09:02:03 symfony [info] {sfRequest} request parameters array (  'module' => 'index',  'action' => 'logout',)
Feb 07 09:02:03 symfony [info] {sfController} dispatch request
Feb 07 09:02:03 symfony [info] {sfFilter} executing filter "sfRenderingFilter"
Feb 07 09:02:03 symfony [info] {sfFilter} executing filter "sfCommonFilter"
Feb 07 09:02:03 symfony [info] {sfFilter} executing filter "sfFlashFilter"
Feb 07 09:02:03 symfony [info] {sfFilter} executing filter "sfExecutionFilter"
Feb 07 09:02:03 symfony [info] {sfAction} call "indexActions->executeLogout()"
Feb 07 09:02:03 symfony [debug] SELECT *, UNIX_TIMESTAMP(occured) as lastupdate, UNIX_TIMESTAMP(now()) as now FROM reporting where data='logout' and user_id='387' and occured like '2014-02-07%'  *ROWS RETURNED* 0* 
Feb 07 09:02:04 symfony [debug] INSERT INTO `reporting` set data='logout', user_id='387', occured=now(), totaltime='10'  
Feb 07 09:02:04 symfony [info] {sfAction} redirect to "http://www.virtualfitnesscoach.com/main.php/"
Feb 07 09:02:04 symfony [info] {sfResponse} send status "HTTP/1.0 302 Found"
Feb 07 09:02:04 symfony [info] {sfResponse} send header "Location": "http://www.virtualfitnesscoach.com/main.php/"
Feb 07 09:02:04 symfony [info] {sfResponse} send content (115 o)
Feb 07 09:02:04 symfony [info] {sfContext} initialization
Feb 07 09:02:04 symfony [info] {sfController} initialization
Feb 07 09:02:04 symfony [info] {sfRouting} match route [homepage] "/"
Feb 07 09:02:04 symfony [info] {sfRequest} request parameters array (  'module' => 'default',  'action' => 'index',)
Feb 07 09:02:04 symfony [info] {sfController} dispatch request
Feb 07 09:02:04 symfony [info] {sfFilter} executing filter "sfRenderingFilter"
Feb 07 09:02:04 symfony [info] {sfFilter} executing filter "sfCommonFilter"
Feb 07 09:02:04 symfony [info] {sfFilter} executing filter "sfFlashFilter"
Feb 07 09:02:04 symfony [info] {sfFilter} executing filter "sfExecutionFilter"
Feb 07 09:02:04 symfony [info] {sfAction} call "defaultActions->executeIndex()"
Feb 07 09:02:04 symfony [info] {sfView} initialize view for "default/index"
Feb 07 09:02:04 symfony [info] {sfView} render "/web/virtualfitnesscoach.com/apps/main/modules/default/templates/indexSuccess.php"
Feb 07 09:02:04 symfony [info] {sfView} decorate content with "/web/virtualfitnesscoach.com/apps/main/templates/layout.php"
Feb 07 09:02:04 symfony [info] {sfView} render "/web/virtualfitnesscoach.com/apps/main/templates/layout.php"
Feb 07 09:02:04 symfony [info] {sfFilter} render to client
Feb 07 09:02:04 symfony [info] {sfResponse} send status "HTTP/1.0 200 OK"
Feb 07 09:02:04 symfony [info] {sfResponse} send header "Content-Type": "text/html; charset=utf-8"
Feb 07 09:02:04 symfony [info] {sfResponse} send content (3607 o)
Feb 07 20:58:49 symfony [info] {sfContext} initialization
Feb 07 20:58:49 symfony [info] {sfController} initialization
Feb 07 20:58:49 symfony [info] {sfRouting} match route [default] "/:module/:action/*"
Feb 07 20:58:49 symfony [info] {sfRequest} request parameters array (  'module' => 'default',  'action' => 'forgotpassword',)
Feb 07 20:58:49 symfony [info] {sfController} dispatch request
Feb 07 20:58:49 symfony [info] {sfFilter} executing filter "sfRenderingFilter"
Feb 07 20:58:49 symfony [info] {sfFilter} executing filter "sfCommonFilter"
Feb 07 20:58:49 symfony [info] {sfFilter} executing filter "sfFlashFilter"
Feb 07 20:58:49 symfony [info] {sfFilter} executing filter "sfExecutionFilter"
Feb 07 20:58:49 symfony [info] {sfAction} call "defaultActions->executeForgotpassword()"
Feb 07 20:58:49 symfony [info] {sfView} initialize view for "default/forgotpassword"
Feb 07 20:58:49 symfony [info] {sfView} render "/web/virtualfitnesscoach.com/apps/main/modules/default/templates/forgotpasswordSuccess.php"
Feb 07 20:58:49 symfony [info] {sfView} decorate content with "/web/virtualfitnesscoach.com/apps/main/templates/layout.php"
Feb 07 20:58:49 symfony [info] {sfView} render "/web/virtualfitnesscoach.com/apps/main/templates/layout.php"
Feb 07 20:58:49 symfony [info] {sfFilter} render to client
Feb 07 20:58:49 symfony [info] {sfResponse} send status "HTTP/1.0 200 OK"
Feb 07 20:58:49 symfony [info] {sfResponse} send header "Content-Type": "text/html; charset=utf-8"
Feb 07 20:58:49 symfony [info] {sfResponse} send content (3478 o)
Feb 08 09:31:22 symfony [info] {sfContext} initialization
Feb 08 09:31:22 symfony [info] {sfController} initialization
Feb 08 09:31:22 symfony [info] {sfRouting} match route [homepage] "/"
Feb 08 09:31:22 symfony [info] {sfRequest} request parameters array (  'module' => 'default',  'action' => 'index',)
Feb 08 09:31:22 symfony [info] {sfController} dispatch request
Feb 08 09:31:22 symfony [info] {sfFilter} executing filter "sfRenderingFilter"
Feb 08 09:31:22 symfony [info] {sfFilter} executing filter "sfCommonFilter"
Feb 08 09:31:22 symfony [info] {sfFilter} executing filter "sfFlashFilter"
Feb 08 09:31:22 symfony [info] {sfFilter} executing filter "sfExecutionFilter"
Feb 08 09:31:22 symfony [info] {sfAction} call "defaultActions->executeIndex()"
Feb 08 09:31:22 symfony [info] {sfView} initialize view for "default/index"
Feb 08 09:31:22 symfony [info] {sfView} render "/web/virtualfitnesscoach.com/apps/main/modules/default/templates/indexSuccess.php"
Feb 08 09:31:22 symfony [info] {sfView} decorate content with "/web/virtualfitnesscoach.com/apps/main/templates/layout.php"
Feb 08 09:31:22 symfony [info] {sfView} render "/web/virtualfitnesscoach.com/apps/main/templates/layout.php"
Feb 08 09:31:22 symfony [info] {sfFilter} render to client
Feb 08 09:31:22 symfony [info] {sfResponse} send status "HTTP/1.0 200 OK"
Feb 08 09:31:22 symfony [info] {sfResponse} send header "Content-Type": "text/html; charset=utf-8"
Feb 08 09:31:22 symfony [info] {sfResponse} send content (3607 o)
Feb 08 14:13:15 symfony [info] {sfContext} initialization
Feb 08 14:13:15 symfony [info] {sfController} initialization
Feb 08 14:13:15 symfony [info] {sfRouting} match route [default] "/:module/:action/*"
Feb 08 14:13:15 symfony [info] {sfRequest} request parameters array (  'module' => 'default',  'action' => 'forgotpassword',)
Feb 08 14:13:15 symfony [info] {sfController} dispatch request
Feb 08 14:13:15 symfony [info] {sfFilter} executing filter "sfRenderingFilter"
Feb 08 14:13:15 symfony [info] {sfFilter} executing filter "sfCommonFilter"
Feb 08 14:13:15 symfony [info] {sfFilter} executing filter "sfFlashFilter"
Feb 08 14:13:15 symfony [info] {sfFilter} executing filter "sfExecutionFilter"
Feb 08 14:13:15 symfony [info] {sfAction} call "defaultActions->executeForgotpassword()"
Feb 08 14:13:15 symfony [info] {sfView} initialize view for "default/forgotpassword"
Feb 08 14:13:15 symfony [info] {sfView} render "/web/virtualfitnesscoach.com/apps/main/modules/default/templates/forgotpasswordSuccess.php"
Feb 08 14:13:15 symfony [info] {sfView} decorate content with "/web/virtualfitnesscoach.com/apps/main/templates/layout.php"
Feb 08 14:13:15 symfony [info] {sfView} render "/web/virtualfitnesscoach.com/apps/main/templates/layout.php"
Feb 08 14:13:15 symfony [info] {sfFilter} render to client
Feb 08 14:13:15 symfony [info] {sfResponse} send status "HTTP/1.0 200 OK"
Feb 08 14:13:15 symfony [info] {sfResponse} send header "Content-Type": "text/html; charset=utf-8"
Feb 08 14:13:15 symfony [info] {sfResponse} send content (3478 o)
Feb 08 21:03:24 symfony [info] {sfContext} initialization
Feb 08 21:03:24 symfony [info] {sfController} initialization
Feb 08 21:03:24 symfony [info] {sfRouting} match route [homepage] "/"
Feb 08 21:03:24 symfony [info] {sfRequest} request parameters array (  'module' => 'default',  'action' => 'index',  'username' => 'test@virtualfitnesscoach.com',  'password' => 'test',  'send' => 'Login',)
Feb 08 21:03:24 symfony [info] {sfController} dispatch request
Feb 08 21:03:24 symfony [info] {sfFilter} executing filter "sfRenderingFilter"
Feb 08 21:03:24 symfony [info] {sfFilter} executing filter "sfCommonFilter"
Feb 08 21:03:24 symfony [info] {sfFilter} executing filter "sfFlashFilter"
Feb 08 21:03:24 symfony [info] {sfFilter} executing filter "sfExecutionFilter"
Feb 08 21:03:24 symfony [info] {sfAction} call "defaultActions->executeIndex()"
Feb 08 21:03:24 symfony [debug] SELECT * FROM `fitness_users` where email='test@virtualfitnesscoach.com'  *ROWS RETURNED* 2* 
Feb 08 21:03:24 symfony [debug] PASSED.... TRUE/FALSE 1 == TRUE BOOLEAN 1
Feb 08 21:03:24 symfony [info] {sfAction} forward to action "default/grouplogin"
Feb 08 21:03:24 symfony [info] {sfFilter} executing filter "sfRenderingFilter"
Feb 08 21:03:24 symfony [info] {sfFilter} executing filter "sfCommonFilter"
Feb 08 21:03:24 symfony [info] {sfFilter} executing filter "sfFlashFilter"
Feb 08 21:03:24 symfony [info] {sfFilter} executing filter "sfExecutionFilter"
Feb 08 21:03:24 symfony [info] {sfAction} call "defaultActions->executeGrouplogin()"
Feb 08 21:03:24 symfony [debug] SELECT * FROM `fitness_users` where email='test@virtualfitnesscoach.com'  *ROWS RETURNED* 2* 
Feb 08 21:03:24 symfony [info] {sfView} initialize view for "default/grouplogin"
Feb 08 21:03:24 symfony [info] {sfView} render "/web/virtualfitnesscoach.com/apps/main/modules/default/templates/grouploginSuccess.php"
Feb 08 21:03:25 symfony [info] {sfView} decorate content with "/web/virtualfitnesscoach.com/apps/main/templates/layout.php"
Feb 08 21:03:25 symfony [info] {sfView} render "/web/virtualfitnesscoach.com/apps/main/templates/layout.php"
Feb 08 21:03:26 symfony [info] {sfFilter} render to client
Feb 08 21:03:26 symfony [info] {sfResponse} send status "HTTP/1.0 200 OK"
Feb 08 21:03:26 symfony [info] {sfResponse} send header "Content-Type": "text/html; charset=utf-8"
Feb 08 21:03:26 symfony [info] {sfResponse} send content (29459 o)
Feb 09 03:06:46 symfony [info] {sfContext} initialization
Feb 09 03:06:46 symfony [info] {sfController} initialization
Feb 09 03:06:46 symfony [info] {sfRouting} match route [default] "/:module/:action/*"
Feb 09 03:06:46 symfony [info] {sfRequest} request parameters array (  'module' => 'default',  'action' => 'forgotpassword',)
Feb 09 03:06:46 symfony [info] {sfController} dispatch request
Feb 09 03:06:46 symfony [info] {sfFilter} executing filter "sfRenderingFilter"
Feb 09 03:06:46 symfony [info] {sfFilter} executing filter "sfCommonFilter"
Feb 09 03:06:46 symfony [info] {sfFilter} executing filter "sfFlashFilter"
Feb 09 03:06:46 symfony [info] {sfFilter} executing filter "sfExecutionFilter"
Feb 09 03:06:46 symfony [info] {sfAction} call "defaultActions->executeForgotpassword()"
Feb 09 03:06:46 symfony [info] {sfView} initialize view for "default/forgotpassword"
Feb 09 03:06:46 symfony [info] {sfView} render "/web/virtualfitnesscoach.com/apps/main/modules/default/templates/forgotpasswordSuccess.php"
Feb 09 03:06:46 symfony [info] {sfView} decorate content with "/web/virtualfitnesscoach.com/apps/main/templates/layout.php"
Feb 09 03:06:46 symfony [info] {sfView} render "/web/virtualfitnesscoach.com/apps/main/templates/layout.php"
Feb 09 03:06:46 symfony [info] {sfFilter} render to client
Feb 09 03:06:46 symfony [info] {sfResponse} send status "HTTP/1.0 200 OK"
Feb 09 03:06:46 symfony [info] {sfResponse} send header "Content-Type": "text/html; charset=utf-8"
Feb 09 03:06:46 symfony [info] {sfResponse} send content (3478 o)
Feb 09 04:48:31 symfony [info] {sfContext} initialization
Feb 09 04:48:31 symfony [info] {sfController} initialization
Feb 09 04:48:31 symfony [info] {sfRouting} match route [default] "/:module/:action/*"
Feb 09 04:48:31 symfony [info] {sfRequest} request parameters array (  'module' => 'default',  'action' => 'forgotpassword',)
Feb 09 04:48:31 symfony [info] {sfController} dispatch request
Feb 09 04:48:31 symfony [info] {sfFilter} executing filter "sfRenderingFilter"
Feb 09 04:48:31 symfony [info] {sfFilter} executing filter "sfCommonFilter"
Feb 09 04:48:31 symfony [info] {sfFilter} executing filter "sfFlashFilter"
Feb 09 04:48:31 symfony [info] {sfFilter} executing filter "sfExecutionFilter"
Feb 09 04:48:31 symfony [info] {sfAction} call "defaultActions->executeForgotpassword()"
Feb 09 04:48:31 symfony [info] {sfView} initialize view for "default/forgotpassword"
Feb 09 04:48:31 symfony [info] {sfView} render "/web/virtualfitnesscoach.com/apps/main/modules/default/templates/forgotpasswordSuccess.php"
Feb 09 04:48:31 symfony [info] {sfView} decorate content with "/web/virtualfitnesscoach.com/apps/main/templates/layout.php"
Feb 09 04:48:31 symfony [info] {sfView} render "/web/virtualfitnesscoach.com/apps/main/templates/layout.php"
Feb 09 04:48:31 symfony [info] {sfFilter} render to client
Feb 09 04:48:31 symfony [info] {sfResponse} send status "HTTP/1.0 200 OK"
Feb 09 04:48:31 symfony [info] {sfResponse} send header "Content-Type": "text/html; charset=utf-8"
Feb 09 04:48:31 symfony [info] {sfResponse} send content (3478 o)
